[2022-10-29T02:52:53.887+0000] {taskinstance.py:1165} INFO - Dependencies all met for <TaskInstance: j_spark_trigger.transform_data manual__2022-10-29T02:52:49.453837+00:00 [queued]>
[2022-10-29T02:52:53.927+0000] {taskinstance.py:1165} INFO - Dependencies all met for <TaskInstance: j_spark_trigger.transform_data manual__2022-10-29T02:52:49.453837+00:00 [queued]>
[2022-10-29T02:52:53.949+0000] {taskinstance.py:1362} INFO - 
--------------------------------------------------------------------------------
[2022-10-29T02:52:53.970+0000] {taskinstance.py:1363} INFO - Starting attempt 1 of 1
[2022-10-29T02:52:53.974+0000] {taskinstance.py:1364} INFO - 
--------------------------------------------------------------------------------
[2022-10-29T02:52:54.036+0000] {taskinstance.py:1383} INFO - Executing <Task(SparkSubmitOperator): transform_data> on 2022-10-29 02:52:49.453837+00:00
[2022-10-29T02:52:54.109+0000] {standard_task_runner.py:54} INFO - Started process 9733 to run task
[2022-10-29T02:52:54.130+0000] {standard_task_runner.py:82} INFO - Running: ['***', 'tasks', 'run', 'j_spark_trigger', 'transform_data', 'manual__2022-10-29T02:52:49.453837+00:00', '--job-id', '109', '--raw', '--subdir', 'DAGS_FOLDER/j_spark_trigger.py', '--cfg-path', '/tmp/tmphlh71t41']
[2022-10-29T02:52:54.138+0000] {standard_task_runner.py:83} INFO - Job 109: Subtask transform_data
[2022-10-29T02:52:54.150+0000] {dagbag.py:525} INFO - Filling up the DagBag from /opt/***/dags/j_spark_trigger.py
[2022-10-29T02:52:54.445+0000] {task_command.py:384} INFO - Running <TaskInstance: j_spark_trigger.transform_data manual__2022-10-29T02:52:49.453837+00:00 [running]> on host 08236190b7e3
[2022-10-29T02:52:54.513+0000] {taskinstance.py:1592} INFO - Exporting the following env vars:
AIRFLOW_CTX_DAG_EMAIL=***@example.com
AIRFLOW_CTX_DAG_OWNER=***
AIRFLOW_CTX_DAG_ID=j_spark_trigger
AIRFLOW_CTX_TASK_ID=transform_data
AIRFLOW_CTX_EXECUTION_DATE=2022-10-29T02:52:49.453837+00:00
AIRFLOW_CTX_TRY_NUMBER=1
AIRFLOW_CTX_DAG_RUN_ID=manual__2022-10-29T02:52:49.453837+00:00
[2022-10-29T02:52:54.524+0000] {base.py:71} INFO - Using connection ID 'conn_spark' for task execution.
[2022-10-29T02:52:54.527+0000] {spark_submit.py:334} INFO - Spark-Submit cmd: spark-submit --master spark://py-spark:7077 --jars /opt/jars/postgresql-42.5.0.jar --name arrow-spark --deploy-mode client /mnt/script-1.py
[2022-10-29T02:52:54.625+0000] {spark_submit.py:485} INFO - /home/***/.local/lib/python3.7/site-packages/pyspark/bin/load-spark-env.sh: line 68: ps: command not found
[2022-10-29T02:52:56.101+0000] {spark_submit.py:485} INFO - 22/10/29 02:52:56 WARN NativeCodeLoader: Unable to load native-hadoop library for your platform... using builtin-java classes where applicable
[2022-10-29T02:52:56.977+0000] {spark_submit.py:485} INFO - 22/10/29 02:52:56 INFO SparkContext: Running Spark version 3.3.1
[2022-10-29T02:52:57.016+0000] {spark_submit.py:485} INFO - 22/10/29 02:52:57 INFO ResourceUtils: ==============================================================
[2022-10-29T02:52:57.019+0000] {spark_submit.py:485} INFO - 22/10/29 02:52:57 INFO ResourceUtils: No custom resources configured for spark.driver.
[2022-10-29T02:52:57.026+0000] {spark_submit.py:485} INFO - 22/10/29 02:52:57 INFO ResourceUtils: ==============================================================
[2022-10-29T02:52:57.030+0000] {spark_submit.py:485} INFO - 22/10/29 02:52:57 INFO SparkContext: Submitted application: arrow-spark
[2022-10-29T02:52:57.054+0000] {spark_submit.py:485} INFO - 22/10/29 02:52:57 INFO ResourceProfile: Default ResourceProfile created, executor resources: Map(cores -> name: cores, amount: 1, script: , vendor: , memory -> name: memory, amount: 1024, script: , vendor: , offHeap -> name: offHeap, amount: 0, script: , vendor: ), task resources: Map(cpus -> name: cpus, amount: 1.0)
[2022-10-29T02:52:57.070+0000] {spark_submit.py:485} INFO - 22/10/29 02:52:57 INFO ResourceProfile: Limiting resource is cpu
[2022-10-29T02:52:57.073+0000] {spark_submit.py:485} INFO - 22/10/29 02:52:57 INFO ResourceProfileManager: Added ResourceProfile id: 0
[2022-10-29T02:52:57.228+0000] {spark_submit.py:485} INFO - 22/10/29 02:52:57 INFO SecurityManager: Changing view acls to: ***
[2022-10-29T02:52:57.232+0000] {spark_submit.py:485} INFO - 22/10/29 02:52:57 INFO SecurityManager: Changing modify acls to: ***
[2022-10-29T02:52:57.235+0000] {spark_submit.py:485} INFO - 22/10/29 02:52:57 INFO SecurityManager: Changing view acls groups to:
[2022-10-29T02:52:57.237+0000] {spark_submit.py:485} INFO - 22/10/29 02:52:57 INFO SecurityManager: Changing modify acls groups to:
[2022-10-29T02:52:57.240+0000] {spark_submit.py:485} INFO - 22/10/29 02:52:57 INFO SecurityManager: SecurityManager: authentication disabled; ui acls disabled; users  with view permissions: Set(***); groups with view permissions: Set(); users  with modify permissions: Set(***); groups with modify permissions: Set()
[2022-10-29T02:52:57.468+0000] {spark_submit.py:485} INFO - 22/10/29 02:52:57 INFO Utils: Successfully started service 'sparkDriver' on port 33951.
[2022-10-29T02:52:57.506+0000] {spark_submit.py:485} INFO - 22/10/29 02:52:57 INFO SparkEnv: Registering MapOutputTracker
[2022-10-29T02:52:57.535+0000] {spark_submit.py:485} INFO - 22/10/29 02:52:57 INFO SparkEnv: Registering BlockManagerMaster
[2022-10-29T02:52:57.561+0000] {spark_submit.py:485} INFO - 22/10/29 02:52:57 INFO BlockManagerMasterEndpoint: Using org.apache.spark.storage.DefaultTopologyMapper for getting topology information
[2022-10-29T02:52:57.564+0000] {spark_submit.py:485} INFO - 22/10/29 02:52:57 INFO BlockManagerMasterEndpoint: BlockManagerMasterEndpoint up
[2022-10-29T02:52:57.569+0000] {spark_submit.py:485} INFO - 22/10/29 02:52:57 INFO SparkEnv: Registering BlockManagerMasterHeartbeat
[2022-10-29T02:52:57.601+0000] {spark_submit.py:485} INFO - 22/10/29 02:52:57 INFO DiskBlockManager: Created local directory at /tmp/blockmgr-ab574f4f-f2e7-455d-a314-0c5f629344b9
[2022-10-29T02:52:57.622+0000] {spark_submit.py:485} INFO - 22/10/29 02:52:57 INFO MemoryStore: MemoryStore started with capacity 434.4 MiB
[2022-10-29T02:52:57.635+0000] {spark_submit.py:485} INFO - 22/10/29 02:52:57 INFO SparkEnv: Registering OutputCommitCoordinator
[2022-10-29T02:52:57.782+0000] {spark_submit.py:485} INFO - 22/10/29 02:52:57 INFO Utils: Successfully started service 'SparkUI' on port 4040.
[2022-10-29T02:52:57.814+0000] {spark_submit.py:485} INFO - 22/10/29 02:52:57 INFO SparkContext: Added JAR file:///opt/jars/postgresql-42.5.0.jar at spark://08236190b7e3:33951/jars/postgresql-42.5.0.jar with timestamp 1667011976963
[2022-10-29T02:52:57.871+0000] {spark_submit.py:485} INFO - 22/10/29 02:52:57 INFO StandaloneAppClient$ClientEndpoint: Connecting to master spark://py-spark:7077...
[2022-10-29T02:52:57.914+0000] {spark_submit.py:485} INFO - 22/10/29 02:52:57 INFO TransportClientFactory: Successfully created connection to py-spark/192.168.192.3:7077 after 21 ms (0 ms spent in bootstraps)
[2022-10-29T02:52:58.070+0000] {spark_submit.py:485} INFO - 22/10/29 02:52:58 INFO StandaloneSchedulerBackend: Connected to Spark cluster with app ID app-20221029025258-0004
[2022-10-29T02:52:58.088+0000] {spark_submit.py:485} INFO - 22/10/29 02:52:58 INFO Utils: Successfully started service 'org.apache.spark.network.netty.NettyBlockTransferService' on port 36869.
[2022-10-29T02:52:58.093+0000] {spark_submit.py:485} INFO - 22/10/29 02:52:58 INFO NettyBlockTransferService: Server created on 08236190b7e3:36869
[2022-10-29T02:52:58.097+0000] {spark_submit.py:485} INFO - 22/10/29 02:52:58 INFO BlockManager: Using org.apache.spark.storage.RandomBlockReplicationPolicy for block replication policy
[2022-10-29T02:52:58.100+0000] {spark_submit.py:485} INFO - 22/10/29 02:52:58 INFO StandaloneAppClient$ClientEndpoint: Executor added: app-20221029025258-0004/0 on worker-20221028234427-192.168.192.3-46547 (192.168.192.3:46547) with 7 core(s)
[2022-10-29T02:52:58.102+0000] {spark_submit.py:485} INFO - 22/10/29 02:52:58 INFO StandaloneSchedulerBackend: Granted executor ID app-20221029025258-0004/0 on hostPort 192.168.192.3:46547 with 7 core(s), 1024.0 MiB RAM
[2022-10-29T02:52:58.109+0000] {spark_submit.py:485} INFO - 22/10/29 02:52:58 INFO BlockManagerMaster: Registering BlockManager BlockManagerId(driver, 08236190b7e3, 36869, None)
[2022-10-29T02:52:58.121+0000] {spark_submit.py:485} INFO - 22/10/29 02:52:58 INFO BlockManagerMasterEndpoint: Registering block manager 08236190b7e3:36869 with 434.4 MiB RAM, BlockManagerId(driver, 08236190b7e3, 36869, None)
[2022-10-29T02:52:58.126+0000] {spark_submit.py:485} INFO - 22/10/29 02:52:58 INFO BlockManagerMaster: Registered BlockManager BlockManagerId(driver, 08236190b7e3, 36869, None)
[2022-10-29T02:52:58.129+0000] {spark_submit.py:485} INFO - 22/10/29 02:52:58 INFO BlockManager: Initialized BlockManager: BlockManagerId(driver, 08236190b7e3, 36869, None)
[2022-10-29T02:52:58.416+0000] {spark_submit.py:485} INFO - 22/10/29 02:52:58 INFO StandaloneAppClient$ClientEndpoint: Executor updated: app-20221029025258-0004/0 is now RUNNING
[2022-10-29T02:52:58.426+0000] {spark_submit.py:485} INFO - 22/10/29 02:52:58 INFO StandaloneSchedulerBackend: SchedulerBackend is ready for scheduling beginning after reached minRegisteredResourcesRatio: 0.0
[2022-10-29T02:52:58.626+0000] {spark_submit.py:485} INFO - 22/10/29 02:52:58 INFO SharedState: Setting hive.metastore.warehouse.dir ('null') to the value of spark.sql.warehouse.dir.
[2022-10-29T02:52:58.630+0000] {spark_submit.py:485} INFO - 22/10/29 02:52:58 INFO SharedState: Warehouse path is 'file:/opt/***/spark-warehouse'.
[2022-10-29T02:53:02.631+0000] {spark_submit.py:485} INFO - 22/10/29 02:53:02 INFO CoarseGrainedSchedulerBackend$DriverEndpoint: Registered executor NettyRpcEndpointRef(spark-client://Executor) (192.168.192.3:58118) with ID 0,  ResourceProfileId 0
[2022-10-29T02:53:02.848+0000] {spark_submit.py:485} INFO - 22/10/29 02:53:02 INFO BlockManagerMasterEndpoint: Registering block manager 192.168.192.3:36319 with 434.4 MiB RAM, BlockManagerId(0, 192.168.192.3, 36319, None)
[2022-10-29T02:53:04.015+0000] {spark_submit.py:485} INFO - 22/10/29 02:53:04 INFO CodeGenerator: Code generated in 123.935834 ms
[2022-10-29T02:53:04.061+0000] {spark_submit.py:485} INFO - 22/10/29 02:53:04 INFO SparkContext: Starting job: showString at NativeMethodAccessorImpl.java:0
[2022-10-29T02:53:04.073+0000] {spark_submit.py:485} INFO - 22/10/29 02:53:04 INFO DAGScheduler: Got job 0 (showString at NativeMethodAccessorImpl.java:0) with 1 output partitions
[2022-10-29T02:53:04.077+0000] {spark_submit.py:485} INFO - 22/10/29 02:53:04 INFO DAGScheduler: Final stage: ResultStage 0 (showString at NativeMethodAccessorImpl.java:0)
[2022-10-29T02:53:04.086+0000] {spark_submit.py:485} INFO - 22/10/29 02:53:04 INFO DAGScheduler: Parents of final stage: List()
[2022-10-29T02:53:04.089+0000] {spark_submit.py:485} INFO - 22/10/29 02:53:04 INFO DAGScheduler: Missing parents: List()
[2022-10-29T02:53:04.090+0000] {spark_submit.py:485} INFO - 22/10/29 02:53:04 INFO DAGScheduler: Submitting ResultStage 0 (MapPartitionsRDD[2] at showString at NativeMethodAccessorImpl.java:0), which has no missing parents
[2022-10-29T02:53:04.364+0000] {spark_submit.py:485} INFO - 22/10/29 02:53:04 INFO MemoryStore: Block broadcast_0 stored as values in memory (estimated size 16.8 KiB, free 434.4 MiB)
[2022-10-29T02:53:04.452+0000] {spark_submit.py:485} INFO - 22/10/29 02:53:04 INFO MemoryStore: Block broadcast_0_piece0 stored as bytes in memory (estimated size 6.9 KiB, free 434.4 MiB)
[2022-10-29T02:53:04.460+0000] {spark_submit.py:485} INFO - 22/10/29 02:53:04 INFO BlockManagerInfo: Added broadcast_0_piece0 in memory on 08236190b7e3:36869 (size: 6.9 KiB, free: 434.4 MiB)
[2022-10-29T02:53:04.472+0000] {spark_submit.py:485} INFO - 22/10/29 02:53:04 INFO SparkContext: Created broadcast 0 from broadcast at DAGScheduler.scala:1513
[2022-10-29T02:53:04.523+0000] {spark_submit.py:485} INFO - 22/10/29 02:53:04 INFO DAGScheduler: Submitting 1 missing tasks from ResultStage 0 (MapPartitionsRDD[2] at showString at NativeMethodAccessorImpl.java:0) (first 15 tasks are for partitions Vector(0))
[2022-10-29T02:53:04.527+0000] {spark_submit.py:485} INFO - 22/10/29 02:53:04 INFO TaskSchedulerImpl: Adding task set 0.0 with 1 tasks resource profile 0
[2022-10-29T02:53:04.600+0000] {spark_submit.py:485} INFO - 22/10/29 02:53:04 INFO TaskSetManager: Starting task 0.0 in stage 0.0 (TID 0) (192.168.192.3, executor 0, partition 0, PROCESS_LOCAL, 4303 bytes) taskResourceAssignments Map()
[2022-10-29T02:53:05.201+0000] {spark_submit.py:485} INFO - 22/10/29 02:53:05 INFO BlockManagerInfo: Added broadcast_0_piece0 in memory on 192.168.192.3:36319 (size: 6.9 KiB, free: 434.4 MiB)
[2022-10-29T02:53:09.873+0000] {spark_submit.py:485} INFO - 22/10/29 02:53:09 INFO TaskSetManager: Finished task 0.0 in stage 0.0 (TID 0) in 5276 ms on 192.168.192.3 (executor 0) (1/1)
[2022-10-29T02:53:09.900+0000] {spark_submit.py:485} INFO - 22/10/29 02:53:09 INFO TaskSchedulerImpl: Removed TaskSet 0.0, whose tasks have all completed, from pool
[2022-10-29T02:53:09.923+0000] {spark_submit.py:485} INFO - 22/10/29 02:53:09 INFO DAGScheduler: ResultStage 0 (showString at NativeMethodAccessorImpl.java:0) finished in 5.819 s
[2022-10-29T02:53:09.981+0000] {spark_submit.py:485} INFO - 22/10/29 02:53:09 INFO DAGScheduler: Job 0 is finished. Cancelling potential speculative or zombie tasks for this job
[2022-10-29T02:53:10.004+0000] {spark_submit.py:485} INFO - 22/10/29 02:53:10 INFO TaskSchedulerImpl: Killing all running tasks in stage 0: Stage finished
[2022-10-29T02:53:10.041+0000] {spark_submit.py:485} INFO - 22/10/29 02:53:10 INFO DAGScheduler: Job 0 finished: showString at NativeMethodAccessorImpl.java:0, took 5.976076 s
[2022-10-29T02:53:10.404+0000] {spark_submit.py:485} INFO - 22/10/29 02:53:10 INFO CodeGenerator: Code generated in 75.686666 ms
[2022-10-29T02:53:10.430+0000] {spark_submit.py:485} INFO - +---+--------------+---------+----------+----------+--------------------+---------------+--------------------+---------------+---------------+------------+------+----+---------+-----------------+-----+--------------------+--------------------+---------+---------------+
[2022-10-29T02:53:10.438+0000] {spark_submit.py:485} INFO - | id|     firstname|  surname|      born|      died|         borncountry|borncountrycode|            borncity|    diedcountry|diedcountrycode|    diedcity|gender|year| category|overallmotivation|share|          motivation|                name|     city|        country|
[2022-10-29T02:53:10.444+0000] {spark_submit.py:485} INFO - +---+--------------+---------+----------+----------+--------------------+---------------+--------------------+---------------+---------------+------------+------+----+---------+-----------------+-----+--------------------+--------------------+---------+---------------+
[2022-10-29T02:53:10.451+0000] {spark_submit.py:485} INFO - |  1|Wilhelm Conrad|  Röntgen|1845-03-27|1923-02-10|Prussia (now Germ...|             DE|Lennep (now Remsc...|        Germany|             DE|      Munich|  male|1901|  physics|             null|    1|"in recognition o...|   Munich University|   Munich|        Germany|
[2022-10-29T02:53:10.454+0000] {spark_submit.py:485} INFO - |  2|    Hendrik A.|  Lorentz|1853-07-18|1928-02-04|     the Netherlands|             NL|              Arnhem|the Netherlands|             NL|        null|  male|1902|  physics|             null|    2|"in recognition o...|   Leiden University|   Leiden|the Netherlands|
[2022-10-29T02:53:10.458+0000] {spark_submit.py:485} INFO - |  3|        Pieter|   Zeeman|1865-05-25|1943-10-09|     the Netherlands|             NL|          Zonnemaire|the Netherlands|             NL|   Amsterdam|  male|1902|  physics|             null|    2|"in recognition o...|Amsterdam University|Amsterdam|the Netherlands|
[2022-10-29T02:53:10.460+0000] {spark_submit.py:485} INFO - |  4|         Henri|Becquerel|1852-12-15|1908-08-25|              France|             FR|               Paris|         France|             FR|        null|  male|1903|  physics|             null|    2|"in recognition o...| École Polytechnique|    Paris|         France|
[2022-10-29T02:53:10.462+0000] {spark_submit.py:485} INFO - |  5|        Pierre|    Curie|1859-05-15|1906-04-19|              France|             FR|               Paris|         France|             FR|       Paris|  male|1903|  physics|             null|    4|"in recognition o...|École municipale ...|    Paris|         France|
[2022-10-29T02:53:10.465+0000] {spark_submit.py:485} INFO - |  6|         Marie|    Curie|1867-11-07|1934-07-04|Russian Empire (n...|             PL|              Warsaw|         France|             FR|  Sallanches|female|1903|  physics|             null|    4|"in recognition o...|                null|     null|           null|
[2022-10-29T02:53:10.466+0000] {spark_submit.py:485} INFO - |  6|         Marie|    Curie|1867-11-07|1934-07-04|Russian Empire (n...|             PL|              Warsaw|         France|             FR|  Sallanches|female|1911|chemistry|             null|    1|"in recognition o...| Sorbonne University|    Paris|         France|
[2022-10-29T02:53:10.467+0000] {spark_submit.py:485} INFO - |  8|          Lord| Rayleigh|1842-11-12|1919-06-30|      United Kingdom|             GB|Langford Grove Ma...| United Kingdom|             GB|        null|  male|1904|  physics|             null|    1|"for his investig...|Royal Institution...|   London| United Kingdom|
[2022-10-29T02:53:10.468+0000] {spark_submit.py:485} INFO - |  9|       Philipp|   Lenard|1862-06-07|1947-05-20|Hungary (now Slov...|             SK|Pressburg (now Br...|        Germany|             DE|Messelhausen|  male|1905|  physics|             null|    1|"for his work on ...|     Kiel University|     Kiel|        Germany|
[2022-10-29T02:53:10.469+0000] {spark_submit.py:485} INFO - | 10|          J.J.|  Thomson|1856-12-18|1940-08-30|      United Kingdom|             GB|       Cheetham Hill| United Kingdom|             GB|   Cambridge|  male|1906|  physics|             null|    1|"in recognition o...|University of Cam...|Cambridge| United Kingdom|
[2022-10-29T02:53:10.470+0000] {spark_submit.py:485} INFO - +---+--------------+---------+----------+----------+--------------------+---------------+--------------------+---------------+---------------+------------+------+----+---------+-----------------+-----+--------------------+--------------------+---------+---------------+
[2022-10-29T02:53:10.471+0000] {spark_submit.py:485} INFO - only showing top 10 rows
[2022-10-29T02:53:10.472+0000] {spark_submit.py:485} INFO - 
[2022-10-29T02:53:10.473+0000] {spark_submit.py:485} INFO - root
[2022-10-29T02:53:10.473+0000] {spark_submit.py:485} INFO - |-- id: integer (nullable = true)
[2022-10-29T02:53:10.478+0000] {spark_submit.py:485} INFO - |-- firstname: string (nullable = true)
[2022-10-29T02:53:10.480+0000] {spark_submit.py:485} INFO - |-- surname: string (nullable = true)
[2022-10-29T02:53:10.483+0000] {spark_submit.py:485} INFO - |-- born: string (nullable = true)
[2022-10-29T02:53:10.486+0000] {spark_submit.py:485} INFO - |-- died: string (nullable = true)
[2022-10-29T02:53:10.487+0000] {spark_submit.py:485} INFO - |-- borncountry: string (nullable = true)
[2022-10-29T02:53:10.489+0000] {spark_submit.py:485} INFO - |-- borncountrycode: string (nullable = true)
[2022-10-29T02:53:10.493+0000] {spark_submit.py:485} INFO - |-- borncity: string (nullable = true)
[2022-10-29T02:53:10.499+0000] {spark_submit.py:485} INFO - |-- diedcountry: string (nullable = true)
[2022-10-29T02:53:10.501+0000] {spark_submit.py:485} INFO - |-- diedcountrycode: string (nullable = true)
[2022-10-29T02:53:10.504+0000] {spark_submit.py:485} INFO - |-- diedcity: string (nullable = true)
[2022-10-29T02:53:10.507+0000] {spark_submit.py:485} INFO - |-- gender: string (nullable = true)
[2022-10-29T02:53:10.509+0000] {spark_submit.py:485} INFO - |-- year: integer (nullable = true)
[2022-10-29T02:53:10.514+0000] {spark_submit.py:485} INFO - |-- category: string (nullable = true)
[2022-10-29T02:53:10.516+0000] {spark_submit.py:485} INFO - |-- overallmotivation: string (nullable = true)
[2022-10-29T02:53:10.518+0000] {spark_submit.py:485} INFO - |-- share: integer (nullable = true)
[2022-10-29T02:53:10.520+0000] {spark_submit.py:485} INFO - |-- motivation: string (nullable = true)
[2022-10-29T02:53:10.521+0000] {spark_submit.py:485} INFO - |-- name: string (nullable = true)
[2022-10-29T02:53:10.522+0000] {spark_submit.py:485} INFO - |-- city: string (nullable = true)
[2022-10-29T02:53:10.524+0000] {spark_submit.py:485} INFO - |-- country: string (nullable = true)
[2022-10-29T02:53:10.534+0000] {spark_submit.py:485} INFO - 
[2022-10-29T02:53:10.564+0000] {spark_submit.py:485} INFO - 22/10/29 02:53:10 INFO SparkContext: Invoking stop() from shutdown hook
[2022-10-29T02:53:10.597+0000] {spark_submit.py:485} INFO - 22/10/29 02:53:10 INFO SparkUI: Stopped Spark web UI at http://08236190b7e3:4040
[2022-10-29T02:53:10.605+0000] {spark_submit.py:485} INFO - 22/10/29 02:53:10 INFO StandaloneSchedulerBackend: Shutting down all executors
[2022-10-29T02:53:10.607+0000] {spark_submit.py:485} INFO - 22/10/29 02:53:10 INFO CoarseGrainedSchedulerBackend$DriverEndpoint: Asking each executor to shut down
[2022-10-29T02:53:10.677+0000] {spark_submit.py:485} INFO - 22/10/29 02:53:10 INFO MapOutputTrackerMasterEndpoint: MapOutputTrackerMasterEndpoint stopped!
[2022-10-29T02:53:10.784+0000] {spark_submit.py:485} INFO - 22/10/29 02:53:10 INFO MemoryStore: MemoryStore cleared
[2022-10-29T02:53:10.786+0000] {spark_submit.py:485} INFO - 22/10/29 02:53:10 INFO BlockManager: BlockManager stopped
[2022-10-29T02:53:10.807+0000] {spark_submit.py:485} INFO - 22/10/29 02:53:10 INFO BlockManagerMaster: BlockManagerMaster stopped
[2022-10-29T02:53:10.812+0000] {spark_submit.py:485} INFO - 22/10/29 02:53:10 INFO OutputCommitCoordinator$OutputCommitCoordinatorEndpoint: OutputCommitCoordinator stopped!
[2022-10-29T02:53:10.862+0000] {spark_submit.py:485} INFO - 22/10/29 02:53:10 INFO SparkContext: Successfully stopped SparkContext
[2022-10-29T02:53:10.869+0000] {spark_submit.py:485} INFO - 22/10/29 02:53:10 INFO ShutdownHookManager: Shutdown hook called
[2022-10-29T02:53:10.873+0000] {spark_submit.py:485} INFO - 22/10/29 02:53:10 INFO ShutdownHookManager: Deleting directory /tmp/spark-1431a4d2-dc27-4bbc-be32-9d13410efe4a
[2022-10-29T02:53:10.882+0000] {spark_submit.py:485} INFO - 22/10/29 02:53:10 INFO ShutdownHookManager: Deleting directory /tmp/spark-0e60d5df-d550-4a24-9515-d9bd0b16d53b/pyspark-aea1bf7d-f0a8-4d81-90b5-4a88be631fda
[2022-10-29T02:53:10.905+0000] {spark_submit.py:485} INFO - 22/10/29 02:53:10 INFO ShutdownHookManager: Deleting directory /tmp/spark-0e60d5df-d550-4a24-9515-d9bd0b16d53b
[2022-10-29T02:53:11.591+0000] {taskinstance.py:1406} INFO - Marking task as SUCCESS. dag_id=j_spark_trigger, task_id=transform_data, execution_date=20221029T025249, start_date=20221029T025253, end_date=20221029T025311
[2022-10-29T02:53:11.765+0000] {local_task_job.py:164} INFO - Task exited with return code 0
[2022-10-29T02:53:11.813+0000] {local_task_job.py:273} INFO - 0 downstream tasks scheduled from follow-on schedule check
