[2022-10-28T20:51:04.597+0000] {taskinstance.py:1165} INFO - Dependencies all met for <TaskInstance: j_spark_trigger.transform_data manual__2022-10-28T20:45:44.794720+00:00 [queued]>
[2022-10-28T20:51:04.619+0000] {taskinstance.py:1165} INFO - Dependencies all met for <TaskInstance: j_spark_trigger.transform_data manual__2022-10-28T20:45:44.794720+00:00 [queued]>
[2022-10-28T20:51:04.621+0000] {taskinstance.py:1362} INFO - 
--------------------------------------------------------------------------------
[2022-10-28T20:51:04.627+0000] {taskinstance.py:1363} INFO - Starting attempt 2 of 2
[2022-10-28T20:51:04.630+0000] {taskinstance.py:1364} INFO - 
--------------------------------------------------------------------------------
[2022-10-28T20:51:04.651+0000] {taskinstance.py:1383} INFO - Executing <Task(SparkSubmitOperator): transform_data> on 2022-10-28 20:45:44.794720+00:00
[2022-10-28T20:51:04.664+0000] {standard_task_runner.py:54} INFO - Started process 3117 to run task
[2022-10-28T20:51:04.673+0000] {standard_task_runner.py:82} INFO - Running: ['***', 'tasks', 'run', 'j_spark_trigger', 'transform_data', 'manual__2022-10-28T20:45:44.794720+00:00', '--job-id', '100', '--raw', '--subdir', 'DAGS_FOLDER/j_spark_trigger.py', '--cfg-path', '/tmp/tmpc21odnlq']
[2022-10-28T20:51:04.675+0000] {standard_task_runner.py:83} INFO - Job 100: Subtask transform_data
[2022-10-28T20:51:04.679+0000] {dagbag.py:525} INFO - Filling up the DagBag from /opt/***/dags/j_spark_trigger.py
[2022-10-28T20:51:04.842+0000] {task_command.py:384} INFO - Running <TaskInstance: j_spark_trigger.transform_data manual__2022-10-28T20:45:44.794720+00:00 [running]> on host 08236190b7e3
[2022-10-28T20:51:04.897+0000] {taskinstance.py:1592} INFO - Exporting the following env vars:
AIRFLOW_CTX_DAG_EMAIL=***@example.com
AIRFLOW_CTX_DAG_OWNER=***
AIRFLOW_CTX_DAG_ID=j_spark_trigger
AIRFLOW_CTX_TASK_ID=transform_data
AIRFLOW_CTX_EXECUTION_DATE=2022-10-28T20:45:44.794720+00:00
AIRFLOW_CTX_TRY_NUMBER=2
AIRFLOW_CTX_DAG_RUN_ID=manual__2022-10-28T20:45:44.794720+00:00
[2022-10-28T20:51:04.907+0000] {base.py:71} INFO - Using connection ID 'conn_spark' for task execution.
[2022-10-28T20:51:04.909+0000] {spark_submit.py:334} INFO - Spark-Submit cmd: spark-submit --master spark://py-spark:7077 --name arrow-spark --deploy-mode client /mnt/script-1.py
[2022-10-28T20:51:05.041+0000] {spark_submit.py:485} INFO - /home/***/.local/lib/python3.7/site-packages/pyspark/bin/load-spark-env.sh: line 68: ps: command not found
[2022-10-28T20:51:07.551+0000] {spark_submit.py:485} INFO - 22/10/28 20:51:07 INFO SparkContext: Running Spark version 3.3.1
[2022-10-28T20:51:07.619+0000] {spark_submit.py:485} INFO - 22/10/28 20:51:07 WARN NativeCodeLoader: Unable to load native-hadoop library for your platform... using builtin-java classes where applicable
[2022-10-28T20:51:07.762+0000] {spark_submit.py:485} INFO - 22/10/28 20:51:07 INFO ResourceUtils: ==============================================================
[2022-10-28T20:51:07.766+0000] {spark_submit.py:485} INFO - 22/10/28 20:51:07 INFO ResourceUtils: No custom resources configured for spark.driver.
[2022-10-28T20:51:07.772+0000] {spark_submit.py:485} INFO - 22/10/28 20:51:07 INFO ResourceUtils: ==============================================================
[2022-10-28T20:51:07.777+0000] {spark_submit.py:485} INFO - 22/10/28 20:51:07 INFO SparkContext: Submitted application: arrow-spark
[2022-10-28T20:51:07.832+0000] {spark_submit.py:485} INFO - 22/10/28 20:51:07 INFO ResourceProfile: Default ResourceProfile created, executor resources: Map(cores -> name: cores, amount: 1, script: , vendor: , memory -> name: memory, amount: 1024, script: , vendor: , offHeap -> name: offHeap, amount: 0, script: , vendor: ), task resources: Map(cpus -> name: cpus, amount: 1.0)
[2022-10-28T20:51:07.846+0000] {spark_submit.py:485} INFO - 22/10/28 20:51:07 INFO ResourceProfile: Limiting resource is cpu
[2022-10-28T20:51:07.850+0000] {spark_submit.py:485} INFO - 22/10/28 20:51:07 INFO ResourceProfileManager: Added ResourceProfile id: 0
[2022-10-28T20:51:07.979+0000] {spark_submit.py:485} INFO - 22/10/28 20:51:07 INFO SecurityManager: Changing view acls to: ***
[2022-10-28T20:51:07.990+0000] {spark_submit.py:485} INFO - 22/10/28 20:51:07 INFO SecurityManager: Changing modify acls to: ***
[2022-10-28T20:51:07.998+0000] {spark_submit.py:485} INFO - 22/10/28 20:51:07 INFO SecurityManager: Changing view acls groups to:
[2022-10-28T20:51:08.004+0000] {spark_submit.py:485} INFO - 22/10/28 20:51:07 INFO SecurityManager: Changing modify acls groups to:
[2022-10-28T20:51:08.009+0000] {spark_submit.py:485} INFO - 22/10/28 20:51:07 INFO SecurityManager: SecurityManager: authentication disabled; ui acls disabled; users  with view permissions: Set(***); groups with view permissions: Set(); users  with modify permissions: Set(***); groups with modify permissions: Set()
[2022-10-28T20:51:08.984+0000] {spark_submit.py:485} INFO - 22/10/28 20:51:08 INFO Utils: Successfully started service 'sparkDriver' on port 41413.
[2022-10-28T20:51:09.083+0000] {spark_submit.py:485} INFO - 22/10/28 20:51:09 INFO SparkEnv: Registering MapOutputTracker
[2022-10-28T20:51:09.167+0000] {spark_submit.py:485} INFO - 22/10/28 20:51:09 INFO SparkEnv: Registering BlockManagerMaster
[2022-10-28T20:51:09.206+0000] {spark_submit.py:485} INFO - 22/10/28 20:51:09 INFO BlockManagerMasterEndpoint: Using org.apache.spark.storage.DefaultTopologyMapper for getting topology information
[2022-10-28T20:51:09.212+0000] {spark_submit.py:485} INFO - 22/10/28 20:51:09 INFO BlockManagerMasterEndpoint: BlockManagerMasterEndpoint up
[2022-10-28T20:51:09.221+0000] {spark_submit.py:485} INFO - 22/10/28 20:51:09 INFO SparkEnv: Registering BlockManagerMasterHeartbeat
[2022-10-28T20:51:09.315+0000] {spark_submit.py:485} INFO - 22/10/28 20:51:09 INFO DiskBlockManager: Created local directory at /tmp/blockmgr-0ada380d-af33-4b65-977a-648b2af23b52
[2022-10-28T20:51:09.377+0000] {spark_submit.py:485} INFO - 22/10/28 20:51:09 INFO MemoryStore: MemoryStore started with capacity 434.4 MiB
[2022-10-28T20:51:09.546+0000] {spark_submit.py:485} INFO - 22/10/28 20:51:09 INFO SparkEnv: Registering OutputCommitCoordinator
[2022-10-28T20:51:10.179+0000] {spark_submit.py:485} INFO - 22/10/28 20:51:10 WARN Utils: Service 'SparkUI' could not bind on port 4040. Attempting port 4041.
[2022-10-28T20:51:10.238+0000] {spark_submit.py:485} INFO - 22/10/28 20:51:10 INFO Utils: Successfully started service 'SparkUI' on port 4041.
[2022-10-28T20:51:10.585+0000] {spark_submit.py:485} INFO - 22/10/28 20:51:10 INFO StandaloneAppClient$ClientEndpoint: Connecting to master spark://py-spark:7077...
[2022-10-28T20:51:10.652+0000] {spark_submit.py:485} INFO - 22/10/28 20:51:10 INFO TransportClientFactory: Successfully created connection to py-spark/192.168.192.4:7077 after 39 ms (0 ms spent in bootstraps)
[2022-10-28T20:51:10.857+0000] {spark_submit.py:485} INFO - 22/10/28 20:51:10 INFO StandaloneSchedulerBackend: Connected to Spark cluster with app ID app-20221028205110-0009
[2022-10-28T20:51:10.866+0000] {spark_submit.py:485} INFO - 22/10/28 20:51:10 INFO StandaloneAppClient$ClientEndpoint: Executor added: app-20221028205110-0009/0 on worker-20221028200959-192.168.192.4-43185 (192.168.192.4:43185) with 7 core(s)
[2022-10-28T20:51:10.878+0000] {spark_submit.py:485} INFO - 22/10/28 20:51:10 INFO StandaloneSchedulerBackend: Granted executor ID app-20221028205110-0009/0 on hostPort 192.168.192.4:43185 with 7 core(s), 1024.0 MiB RAM
[2022-10-28T20:51:10.895+0000] {spark_submit.py:485} INFO - 22/10/28 20:51:10 INFO Utils: Successfully started service 'org.apache.spark.network.netty.NettyBlockTransferService' on port 45921.
[2022-10-28T20:51:10.898+0000] {spark_submit.py:485} INFO - 22/10/28 20:51:10 INFO NettyBlockTransferService: Server created on 08236190b7e3:45921
[2022-10-28T20:51:10.907+0000] {spark_submit.py:485} INFO - 22/10/28 20:51:10 INFO BlockManager: Using org.apache.spark.storage.RandomBlockReplicationPolicy for block replication policy
[2022-10-28T20:51:10.916+0000] {spark_submit.py:485} INFO - 22/10/28 20:51:10 INFO BlockManagerMaster: Registering BlockManager BlockManagerId(driver, 08236190b7e3, 45921, None)
[2022-10-28T20:51:10.937+0000] {spark_submit.py:485} INFO - 22/10/28 20:51:10 INFO BlockManagerMasterEndpoint: Registering block manager 08236190b7e3:45921 with 434.4 MiB RAM, BlockManagerId(driver, 08236190b7e3, 45921, None)
[2022-10-28T20:51:10.958+0000] {spark_submit.py:485} INFO - 22/10/28 20:51:10 INFO BlockManagerMaster: Registered BlockManager BlockManagerId(driver, 08236190b7e3, 45921, None)
[2022-10-28T20:51:10.963+0000] {spark_submit.py:485} INFO - 22/10/28 20:51:10 INFO BlockManager: Initialized BlockManager: BlockManagerId(driver, 08236190b7e3, 45921, None)
[2022-10-28T20:51:11.156+0000] {spark_submit.py:485} INFO - 22/10/28 20:51:11 INFO StandaloneAppClient$ClientEndpoint: Executor updated: app-20221028205110-0009/0 is now RUNNING
[2022-10-28T20:51:11.400+0000] {spark_submit.py:485} INFO - 22/10/28 20:51:11 INFO StandaloneSchedulerBackend: SchedulerBackend is ready for scheduling beginning after reached minRegisteredResourcesRatio: 0.0
[2022-10-28T20:51:11.845+0000] {spark_submit.py:485} INFO - 22/10/28 20:51:11 INFO SharedState: Setting hive.metastore.warehouse.dir ('null') to the value of spark.sql.warehouse.dir.
[2022-10-28T20:51:11.864+0000] {spark_submit.py:485} INFO - 22/10/28 20:51:11 INFO SharedState: Warehouse path is 'file:/opt/***/spark-warehouse'.
[2022-10-28T20:51:13.753+0000] {spark_submit.py:485} INFO - Traceback (most recent call last):
[2022-10-28T20:51:13.763+0000] {spark_submit.py:485} INFO - File "/mnt/script-1.py", line 14, in <module>
[2022-10-28T20:51:13.766+0000] {spark_submit.py:485} INFO - .option("driver", "org.postgresql.Driver") \
[2022-10-28T20:51:13.768+0000] {spark_submit.py:485} INFO - File "/home/***/.local/lib/python3.7/site-packages/pyspark/python/lib/pyspark.zip/pyspark/sql/readwriter.py", line 184, in load
[2022-10-28T20:51:13.770+0000] {spark_submit.py:485} INFO - File "/home/***/.local/lib/python3.7/site-packages/pyspark/python/lib/py4j-0.10.9.5-src.zip/py4j/java_gateway.py", line 1322, in __call__
[2022-10-28T20:51:13.773+0000] {spark_submit.py:485} INFO - File "/home/***/.local/lib/python3.7/site-packages/pyspark/python/lib/pyspark.zip/pyspark/sql/utils.py", line 190, in deco
[2022-10-28T20:51:13.776+0000] {spark_submit.py:485} INFO - File "/home/***/.local/lib/python3.7/site-packages/pyspark/python/lib/py4j-0.10.9.5-src.zip/py4j/protocol.py", line 328, in get_return_value
[2022-10-28T20:51:13.777+0000] {spark_submit.py:485} INFO - py4j.protocol.Py4JJavaError: An error occurred while calling o29.load.
[2022-10-28T20:51:13.780+0000] {spark_submit.py:485} INFO - : java.lang.ClassNotFoundException: org.postgresql.Driver
[2022-10-28T20:51:13.782+0000] {spark_submit.py:485} INFO - at java.base/java.net.URLClassLoader.findClass(URLClassLoader.java:476)
[2022-10-28T20:51:13.785+0000] {spark_submit.py:485} INFO - at java.base/java.lang.ClassLoader.loadClass(ClassLoader.java:589)
[2022-10-28T20:51:13.786+0000] {spark_submit.py:485} INFO - at java.base/java.lang.ClassLoader.loadClass(ClassLoader.java:522)
[2022-10-28T20:51:13.788+0000] {spark_submit.py:485} INFO - at org.apache.spark.sql.execution.datasources.jdbc.DriverRegistry$.register(DriverRegistry.scala:46)
[2022-10-28T20:51:13.789+0000] {spark_submit.py:485} INFO - at org.apache.spark.sql.execution.datasources.jdbc.JDBCOptions.$anonfun$driverClass$1(JDBCOptions.scala:101)
[2022-10-28T20:51:13.791+0000] {spark_submit.py:485} INFO - at org.apache.spark.sql.execution.datasources.jdbc.JDBCOptions.$anonfun$driverClass$1$adapted(JDBCOptions.scala:101)
[2022-10-28T20:51:13.793+0000] {spark_submit.py:485} INFO - at scala.Option.foreach(Option.scala:407)
[2022-10-28T20:51:13.794+0000] {spark_submit.py:485} INFO - at org.apache.spark.sql.execution.datasources.jdbc.JDBCOptions.<init>(JDBCOptions.scala:101)
[2022-10-28T20:51:13.796+0000] {spark_submit.py:485} INFO - at org.apache.spark.sql.execution.datasources.jdbc.JDBCOptions.<init>(JDBCOptions.scala:39)
[2022-10-28T20:51:13.798+0000] {spark_submit.py:485} INFO - at org.apache.spark.sql.execution.datasources.jdbc.JdbcRelationProvider.createRelation(JdbcRelationProvider.scala:34)
[2022-10-28T20:51:13.802+0000] {spark_submit.py:485} INFO - at org.apache.spark.sql.execution.datasources.DataSource.resolveRelation(DataSource.scala:350)
[2022-10-28T20:51:13.804+0000] {spark_submit.py:485} INFO - at org.apache.spark.sql.DataFrameReader.loadV1Source(DataFrameReader.scala:228)
[2022-10-28T20:51:13.805+0000] {spark_submit.py:485} INFO - at org.apache.spark.sql.DataFrameReader.$anonfun$load$2(DataFrameReader.scala:210)
[2022-10-28T20:51:13.807+0000] {spark_submit.py:485} INFO - at scala.Option.getOrElse(Option.scala:189)
[2022-10-28T20:51:13.808+0000] {spark_submit.py:485} INFO - at org.apache.spark.sql.DataFrameReader.load(DataFrameReader.scala:210)
[2022-10-28T20:51:13.809+0000] {spark_submit.py:485} INFO - at org.apache.spark.sql.DataFrameReader.load(DataFrameReader.scala:171)
[2022-10-28T20:51:13.812+0000] {spark_submit.py:485} INFO - at java.base/jdk.internal.reflect.NativeMethodAccessorImpl.invoke0(Native Method)
[2022-10-28T20:51:13.813+0000] {spark_submit.py:485} INFO - at java.base/jdk.internal.reflect.NativeMethodAccessorImpl.invoke(NativeMethodAccessorImpl.java:62)
[2022-10-28T20:51:13.815+0000] {spark_submit.py:485} INFO - at java.base/jdk.internal.reflect.DelegatingMethodAccessorImpl.invoke(DelegatingMethodAccessorImpl.java:43)
[2022-10-28T20:51:13.817+0000] {spark_submit.py:485} INFO - at java.base/java.lang.reflect.Method.invoke(Method.java:566)
[2022-10-28T20:51:13.819+0000] {spark_submit.py:485} INFO - at py4j.reflection.MethodInvoker.invoke(MethodInvoker.java:244)
[2022-10-28T20:51:13.823+0000] {spark_submit.py:485} INFO - at py4j.reflection.ReflectionEngine.invoke(ReflectionEngine.java:357)
[2022-10-28T20:51:13.829+0000] {spark_submit.py:485} INFO - at py4j.Gateway.invoke(Gateway.java:282)
[2022-10-28T20:51:13.833+0000] {spark_submit.py:485} INFO - at py4j.commands.AbstractCommand.invokeMethod(AbstractCommand.java:132)
[2022-10-28T20:51:13.835+0000] {spark_submit.py:485} INFO - at py4j.commands.CallCommand.execute(CallCommand.java:79)
[2022-10-28T20:51:13.837+0000] {spark_submit.py:485} INFO - at py4j.ClientServerConnection.waitForCommands(ClientServerConnection.java:182)
[2022-10-28T20:51:13.839+0000] {spark_submit.py:485} INFO - at py4j.ClientServerConnection.run(ClientServerConnection.java:106)
[2022-10-28T20:51:13.842+0000] {spark_submit.py:485} INFO - at java.base/java.lang.Thread.run(Thread.java:829)
[2022-10-28T20:51:13.848+0000] {spark_submit.py:485} INFO - 
[2022-10-28T20:51:13.972+0000] {spark_submit.py:485} INFO - 22/10/28 20:51:13 INFO SparkContext: Invoking stop() from shutdown hook
[2022-10-28T20:51:14.021+0000] {spark_submit.py:485} INFO - 22/10/28 20:51:14 INFO SparkUI: Stopped Spark web UI at http://08236190b7e3:4041
[2022-10-28T20:51:14.037+0000] {spark_submit.py:485} INFO - 22/10/28 20:51:14 INFO StandaloneSchedulerBackend: Shutting down all executors
[2022-10-28T20:51:14.044+0000] {spark_submit.py:485} INFO - 22/10/28 20:51:14 INFO CoarseGrainedSchedulerBackend$DriverEndpoint: Asking each executor to shut down
[2022-10-28T20:51:14.130+0000] {spark_submit.py:485} INFO - 22/10/28 20:51:14 INFO MapOutputTrackerMasterEndpoint: MapOutputTrackerMasterEndpoint stopped!
[2022-10-28T20:51:14.242+0000] {spark_submit.py:485} INFO - 22/10/28 20:51:14 INFO MemoryStore: MemoryStore cleared
[2022-10-28T20:51:14.245+0000] {spark_submit.py:485} INFO - 22/10/28 20:51:14 INFO BlockManager: BlockManager stopped
[2022-10-28T20:51:14.269+0000] {spark_submit.py:485} INFO - 22/10/28 20:51:14 INFO BlockManagerMaster: BlockManagerMaster stopped
[2022-10-28T20:51:14.280+0000] {spark_submit.py:485} INFO - 22/10/28 20:51:14 INFO OutputCommitCoordinator$OutputCommitCoordinatorEndpoint: OutputCommitCoordinator stopped!
[2022-10-28T20:51:14.315+0000] {spark_submit.py:485} INFO - 22/10/28 20:51:14 INFO SparkContext: Successfully stopped SparkContext
[2022-10-28T20:51:14.323+0000] {spark_submit.py:485} INFO - 22/10/28 20:51:14 INFO ShutdownHookManager: Shutdown hook called
[2022-10-28T20:51:14.333+0000] {spark_submit.py:485} INFO - 22/10/28 20:51:14 INFO ShutdownHookManager: Deleting directory /tmp/spark-c921dbcc-8066-40fc-881a-980fef1a2336
[2022-10-28T20:51:14.340+0000] {spark_submit.py:485} INFO - 22/10/28 20:51:14 INFO ShutdownHookManager: Deleting directory /tmp/spark-afa5c515-5fa8-4997-99dd-6b0c9cacc022
[2022-10-28T20:51:14.365+0000] {spark_submit.py:485} INFO - 22/10/28 20:51:14 INFO ShutdownHookManager: Deleting directory /tmp/spark-afa5c515-5fa8-4997-99dd-6b0c9cacc022/pyspark-318755ec-c1e4-432d-91c0-4f12550195ba
[2022-10-28T20:51:15.330+0000] {taskinstance.py:1851} ERROR - Task failed with exception
Traceback (most recent call last):
  File "/home/airflow/.local/lib/python3.7/site-packages/airflow/providers/apache/spark/operators/spark_submit.py", line 157, in execute
    self._hook.submit(self._application)
  File "/home/airflow/.local/lib/python3.7/site-packages/airflow/providers/apache/spark/hooks/spark_submit.py", line 417, in submit
    f"Cannot execute: {self._mask_cmd(spark_submit_cmd)}. Error code is: {returncode}."
airflow.exceptions.AirflowException: Cannot execute: spark-submit --master spark://py-spark:7077 --name arrow-spark --deploy-mode client /mnt/script-1.py. Error code is: 1.
[2022-10-28T20:51:15.362+0000] {taskinstance.py:1406} INFO - Marking task as FAILED. dag_id=j_spark_trigger, task_id=transform_data, execution_date=20221028T204544, start_date=20221028T205104, end_date=20221028T205115
[2022-10-28T20:51:15.426+0000] {standard_task_runner.py:107} ERROR - Failed to execute job 100 for task transform_data (Cannot execute: spark-submit --master spark://py-spark:7077 --name arrow-spark --deploy-mode client /mnt/script-1.py. Error code is: 1.; 3117)
[2022-10-28T20:51:15.543+0000] {local_task_job.py:164} INFO - Task exited with return code 1
[2022-10-28T20:51:15.580+0000] {local_task_job.py:273} INFO - 0 downstream tasks scheduled from follow-on schedule check
