[2022-10-28T20:45:49.041+0000] {taskinstance.py:1165} INFO - Dependencies all met for <TaskInstance: j_spark_trigger.transform_data manual__2022-10-28T20:45:44.794720+00:00 [queued]>
[2022-10-28T20:45:49.056+0000] {taskinstance.py:1165} INFO - Dependencies all met for <TaskInstance: j_spark_trigger.transform_data manual__2022-10-28T20:45:44.794720+00:00 [queued]>
[2022-10-28T20:45:49.058+0000] {taskinstance.py:1362} INFO - 
--------------------------------------------------------------------------------
[2022-10-28T20:45:49.059+0000] {taskinstance.py:1363} INFO - Starting attempt 1 of 2
[2022-10-28T20:45:49.060+0000] {taskinstance.py:1364} INFO - 
--------------------------------------------------------------------------------
[2022-10-28T20:45:49.069+0000] {taskinstance.py:1383} INFO - Executing <Task(SparkSubmitOperator): transform_data> on 2022-10-28 20:45:44.794720+00:00
[2022-10-28T20:45:49.082+0000] {standard_task_runner.py:54} INFO - Started process 2560 to run task
[2022-10-28T20:45:49.092+0000] {standard_task_runner.py:82} INFO - Running: ['***', 'tasks', 'run', 'j_spark_trigger', 'transform_data', 'manual__2022-10-28T20:45:44.794720+00:00', '--job-id', '98', '--raw', '--subdir', 'DAGS_FOLDER/j_spark_trigger.py', '--cfg-path', '/tmp/tmp4j9gllbb']
[2022-10-28T20:45:49.094+0000] {standard_task_runner.py:83} INFO - Job 98: Subtask transform_data
[2022-10-28T20:45:49.098+0000] {dagbag.py:525} INFO - Filling up the DagBag from /opt/***/dags/j_spark_trigger.py
[2022-10-28T20:45:49.257+0000] {task_command.py:384} INFO - Running <TaskInstance: j_spark_trigger.transform_data manual__2022-10-28T20:45:44.794720+00:00 [running]> on host 08236190b7e3
[2022-10-28T20:45:49.312+0000] {taskinstance.py:1592} INFO - Exporting the following env vars:
AIRFLOW_CTX_DAG_EMAIL=***@example.com
AIRFLOW_CTX_DAG_OWNER=***
AIRFLOW_CTX_DAG_ID=j_spark_trigger
AIRFLOW_CTX_TASK_ID=transform_data
AIRFLOW_CTX_EXECUTION_DATE=2022-10-28T20:45:44.794720+00:00
AIRFLOW_CTX_TRY_NUMBER=1
AIRFLOW_CTX_DAG_RUN_ID=manual__2022-10-28T20:45:44.794720+00:00
[2022-10-28T20:45:49.325+0000] {base.py:71} INFO - Using connection ID 'conn_spark' for task execution.
[2022-10-28T20:45:49.327+0000] {spark_submit.py:334} INFO - Spark-Submit cmd: spark-submit --master spark://py-spark:7077 --name arrow-spark --deploy-mode client /mnt/script-1.py
[2022-10-28T20:45:49.467+0000] {spark_submit.py:485} INFO - /home/***/.local/lib/python3.7/site-packages/pyspark/bin/load-spark-env.sh: line 68: ps: command not found
[2022-10-28T20:45:52.641+0000] {spark_submit.py:485} INFO - 22/10/28 20:45:52 INFO SparkContext: Running Spark version 3.3.1
[2022-10-28T20:45:52.723+0000] {spark_submit.py:485} INFO - 22/10/28 20:45:52 WARN NativeCodeLoader: Unable to load native-hadoop library for your platform... using builtin-java classes where applicable
[2022-10-28T20:45:52.814+0000] {spark_submit.py:485} INFO - 22/10/28 20:45:52 INFO ResourceUtils: ==============================================================
[2022-10-28T20:45:52.821+0000] {spark_submit.py:485} INFO - 22/10/28 20:45:52 INFO ResourceUtils: No custom resources configured for spark.driver.
[2022-10-28T20:45:52.825+0000] {spark_submit.py:485} INFO - 22/10/28 20:45:52 INFO ResourceUtils: ==============================================================
[2022-10-28T20:45:52.828+0000] {spark_submit.py:485} INFO - 22/10/28 20:45:52 INFO SparkContext: Submitted application: arrow-spark
[2022-10-28T20:45:52.846+0000] {spark_submit.py:485} INFO - 22/10/28 20:45:52 INFO ResourceProfile: Default ResourceProfile created, executor resources: Map(cores -> name: cores, amount: 1, script: , vendor: , memory -> name: memory, amount: 1024, script: , vendor: , offHeap -> name: offHeap, amount: 0, script: , vendor: ), task resources: Map(cpus -> name: cpus, amount: 1.0)
[2022-10-28T20:45:52.855+0000] {spark_submit.py:485} INFO - 22/10/28 20:45:52 INFO ResourceProfile: Limiting resource is cpu
[2022-10-28T20:45:52.858+0000] {spark_submit.py:485} INFO - 22/10/28 20:45:52 INFO ResourceProfileManager: Added ResourceProfile id: 0
[2022-10-28T20:45:52.903+0000] {spark_submit.py:485} INFO - 22/10/28 20:45:52 INFO SecurityManager: Changing view acls to: ***
[2022-10-28T20:45:52.910+0000] {spark_submit.py:485} INFO - 22/10/28 20:45:52 INFO SecurityManager: Changing modify acls to: ***
[2022-10-28T20:45:52.913+0000] {spark_submit.py:485} INFO - 22/10/28 20:45:52 INFO SecurityManager: Changing view acls groups to:
[2022-10-28T20:45:52.916+0000] {spark_submit.py:485} INFO - 22/10/28 20:45:52 INFO SecurityManager: Changing modify acls groups to:
[2022-10-28T20:45:52.921+0000] {spark_submit.py:485} INFO - 22/10/28 20:45:52 INFO SecurityManager: SecurityManager: authentication disabled; ui acls disabled; users  with view permissions: Set(***); groups with view permissions: Set(); users  with modify permissions: Set(***); groups with modify permissions: Set()
[2022-10-28T20:45:53.593+0000] {spark_submit.py:485} INFO - 22/10/28 20:45:53 INFO Utils: Successfully started service 'sparkDriver' on port 35563.
[2022-10-28T20:45:53.812+0000] {spark_submit.py:485} INFO - 22/10/28 20:45:53 INFO SparkEnv: Registering MapOutputTracker
[2022-10-28T20:45:53.999+0000] {spark_submit.py:485} INFO - 22/10/28 20:45:53 INFO SparkEnv: Registering BlockManagerMaster
[2022-10-28T20:45:54.055+0000] {spark_submit.py:485} INFO - 22/10/28 20:45:54 INFO BlockManagerMasterEndpoint: Using org.apache.spark.storage.DefaultTopologyMapper for getting topology information
[2022-10-28T20:45:54.060+0000] {spark_submit.py:485} INFO - 22/10/28 20:45:54 INFO BlockManagerMasterEndpoint: BlockManagerMasterEndpoint up
[2022-10-28T20:45:54.077+0000] {spark_submit.py:485} INFO - 22/10/28 20:45:54 INFO SparkEnv: Registering BlockManagerMasterHeartbeat
[2022-10-28T20:45:54.160+0000] {spark_submit.py:485} INFO - 22/10/28 20:45:54 INFO DiskBlockManager: Created local directory at /tmp/blockmgr-1a537e09-d20b-4292-b724-7edd60c63568
[2022-10-28T20:45:54.224+0000] {spark_submit.py:485} INFO - 22/10/28 20:45:54 INFO MemoryStore: MemoryStore started with capacity 434.4 MiB
[2022-10-28T20:45:54.288+0000] {spark_submit.py:485} INFO - 22/10/28 20:45:54 INFO SparkEnv: Registering OutputCommitCoordinator
[2022-10-28T20:45:55.088+0000] {spark_submit.py:485} INFO - 22/10/28 20:45:55 INFO Utils: Successfully started service 'SparkUI' on port 4040.
[2022-10-28T20:45:55.389+0000] {spark_submit.py:485} INFO - 22/10/28 20:45:55 INFO StandaloneAppClient$ClientEndpoint: Connecting to master spark://py-spark:7077...
[2022-10-28T20:45:55.559+0000] {spark_submit.py:485} INFO - 22/10/28 20:45:55 INFO TransportClientFactory: Successfully created connection to py-spark/192.168.192.4:7077 after 100 ms (0 ms spent in bootstraps)
[2022-10-28T20:45:56.703+0000] {spark_submit.py:485} INFO - 22/10/28 20:45:56 INFO StandaloneSchedulerBackend: Connected to Spark cluster with app ID app-20221028204556-0007
[2022-10-28T20:45:56.727+0000] {spark_submit.py:485} INFO - 22/10/28 20:45:56 INFO StandaloneAppClient$ClientEndpoint: Executor added: app-20221028204556-0007/0 on worker-20221028200959-192.168.192.4-43185 (192.168.192.4:43185) with 7 core(s)
[2022-10-28T20:45:56.762+0000] {spark_submit.py:485} INFO - 22/10/28 20:45:56 INFO StandaloneSchedulerBackend: Granted executor ID app-20221028204556-0007/0 on hostPort 192.168.192.4:43185 with 7 core(s), 1024.0 MiB RAM
[2022-10-28T20:45:56.888+0000] {spark_submit.py:485} INFO - 22/10/28 20:45:56 INFO Utils: Successfully started service 'org.apache.spark.network.netty.NettyBlockTransferService' on port 34861.
[2022-10-28T20:45:56.895+0000] {spark_submit.py:485} INFO - 22/10/28 20:45:56 INFO NettyBlockTransferService: Server created on 08236190b7e3:34861
[2022-10-28T20:45:56.917+0000] {spark_submit.py:485} INFO - 22/10/28 20:45:56 INFO BlockManager: Using org.apache.spark.storage.RandomBlockReplicationPolicy for block replication policy
[2022-10-28T20:45:56.979+0000] {spark_submit.py:485} INFO - 22/10/28 20:45:56 INFO BlockManagerMaster: Registering BlockManager BlockManagerId(driver, 08236190b7e3, 34861, None)
[2022-10-28T20:45:57.079+0000] {spark_submit.py:485} INFO - 22/10/28 20:45:57 INFO BlockManagerMasterEndpoint: Registering block manager 08236190b7e3:34861 with 434.4 MiB RAM, BlockManagerId(driver, 08236190b7e3, 34861, None)
[2022-10-28T20:45:57.103+0000] {spark_submit.py:485} INFO - 22/10/28 20:45:57 INFO BlockManagerMaster: Registered BlockManager BlockManagerId(driver, 08236190b7e3, 34861, None)
[2022-10-28T20:45:57.114+0000] {spark_submit.py:485} INFO - 22/10/28 20:45:57 INFO BlockManager: Initialized BlockManager: BlockManagerId(driver, 08236190b7e3, 34861, None)
[2022-10-28T20:45:57.513+0000] {spark_submit.py:485} INFO - 22/10/28 20:45:57 INFO StandaloneAppClient$ClientEndpoint: Executor updated: app-20221028204556-0007/0 is now RUNNING
[2022-10-28T20:45:58.375+0000] {spark_submit.py:485} INFO - 22/10/28 20:45:58 INFO StandaloneSchedulerBackend: SchedulerBackend is ready for scheduling beginning after reached minRegisteredResourcesRatio: 0.0
[2022-10-28T20:45:59.259+0000] {spark_submit.py:485} INFO - 22/10/28 20:45:59 INFO SharedState: Setting hive.metastore.warehouse.dir ('null') to the value of spark.sql.warehouse.dir.
[2022-10-28T20:45:59.273+0000] {spark_submit.py:485} INFO - 22/10/28 20:45:59 INFO SharedState: Warehouse path is 'file:/opt/***/spark-warehouse'.
[2022-10-28T20:46:01.400+0000] {spark_submit.py:485} INFO - Traceback (most recent call last):
[2022-10-28T20:46:01.409+0000] {spark_submit.py:485} INFO - File "/mnt/script-1.py", line 14, in <module>
[2022-10-28T20:46:01.413+0000] {spark_submit.py:485} INFO - .option("driver", "org.postgresql.Driver") \
[2022-10-28T20:46:01.423+0000] {spark_submit.py:485} INFO - File "/home/***/.local/lib/python3.7/site-packages/pyspark/python/lib/pyspark.zip/pyspark/sql/readwriter.py", line 184, in load
[2022-10-28T20:46:01.425+0000] {spark_submit.py:485} INFO - File "/home/***/.local/lib/python3.7/site-packages/pyspark/python/lib/py4j-0.10.9.5-src.zip/py4j/java_gateway.py", line 1322, in __call__
[2022-10-28T20:46:01.431+0000] {spark_submit.py:485} INFO - File "/home/***/.local/lib/python3.7/site-packages/pyspark/python/lib/pyspark.zip/pyspark/sql/utils.py", line 190, in deco
[2022-10-28T20:46:01.441+0000] {spark_submit.py:485} INFO - File "/home/***/.local/lib/python3.7/site-packages/pyspark/python/lib/py4j-0.10.9.5-src.zip/py4j/protocol.py", line 328, in get_return_value
[2022-10-28T20:46:01.454+0000] {spark_submit.py:485} INFO - py4j.protocol.Py4JJavaError: An error occurred while calling o29.load.
[2022-10-28T20:46:01.461+0000] {spark_submit.py:485} INFO - : java.lang.ClassNotFoundException: org.postgresql.Driver
[2022-10-28T20:46:01.470+0000] {spark_submit.py:485} INFO - at java.base/java.net.URLClassLoader.findClass(URLClassLoader.java:476)
[2022-10-28T20:46:01.472+0000] {spark_submit.py:485} INFO - at java.base/java.lang.ClassLoader.loadClass(ClassLoader.java:589)
[2022-10-28T20:46:01.477+0000] {spark_submit.py:485} INFO - at java.base/java.lang.ClassLoader.loadClass(ClassLoader.java:522)
[2022-10-28T20:46:01.489+0000] {spark_submit.py:485} INFO - at org.apache.spark.sql.execution.datasources.jdbc.DriverRegistry$.register(DriverRegistry.scala:46)
[2022-10-28T20:46:01.493+0000] {spark_submit.py:485} INFO - at org.apache.spark.sql.execution.datasources.jdbc.JDBCOptions.$anonfun$driverClass$1(JDBCOptions.scala:101)
[2022-10-28T20:46:01.498+0000] {spark_submit.py:485} INFO - at org.apache.spark.sql.execution.datasources.jdbc.JDBCOptions.$anonfun$driverClass$1$adapted(JDBCOptions.scala:101)
[2022-10-28T20:46:01.507+0000] {spark_submit.py:485} INFO - at scala.Option.foreach(Option.scala:407)
[2022-10-28T20:46:01.511+0000] {spark_submit.py:485} INFO - at org.apache.spark.sql.execution.datasources.jdbc.JDBCOptions.<init>(JDBCOptions.scala:101)
[2022-10-28T20:46:01.517+0000] {spark_submit.py:485} INFO - at org.apache.spark.sql.execution.datasources.jdbc.JDBCOptions.<init>(JDBCOptions.scala:39)
[2022-10-28T20:46:01.522+0000] {spark_submit.py:485} INFO - at org.apache.spark.sql.execution.datasources.jdbc.JdbcRelationProvider.createRelation(JdbcRelationProvider.scala:34)
[2022-10-28T20:46:01.531+0000] {spark_submit.py:485} INFO - at org.apache.spark.sql.execution.datasources.DataSource.resolveRelation(DataSource.scala:350)
[2022-10-28T20:46:01.542+0000] {spark_submit.py:485} INFO - at org.apache.spark.sql.DataFrameReader.loadV1Source(DataFrameReader.scala:228)
[2022-10-28T20:46:01.545+0000] {spark_submit.py:485} INFO - at org.apache.spark.sql.DataFrameReader.$anonfun$load$2(DataFrameReader.scala:210)
[2022-10-28T20:46:01.549+0000] {spark_submit.py:485} INFO - at scala.Option.getOrElse(Option.scala:189)
[2022-10-28T20:46:01.552+0000] {spark_submit.py:485} INFO - at org.apache.spark.sql.DataFrameReader.load(DataFrameReader.scala:210)
[2022-10-28T20:46:01.555+0000] {spark_submit.py:485} INFO - at org.apache.spark.sql.DataFrameReader.load(DataFrameReader.scala:171)
[2022-10-28T20:46:01.558+0000] {spark_submit.py:485} INFO - at java.base/jdk.internal.reflect.NativeMethodAccessorImpl.invoke0(Native Method)
[2022-10-28T20:46:01.562+0000] {spark_submit.py:485} INFO - at java.base/jdk.internal.reflect.NativeMethodAccessorImpl.invoke(NativeMethodAccessorImpl.java:62)
[2022-10-28T20:46:01.565+0000] {spark_submit.py:485} INFO - at java.base/jdk.internal.reflect.DelegatingMethodAccessorImpl.invoke(DelegatingMethodAccessorImpl.java:43)
[2022-10-28T20:46:01.567+0000] {spark_submit.py:485} INFO - at java.base/java.lang.reflect.Method.invoke(Method.java:566)
[2022-10-28T20:46:01.570+0000] {spark_submit.py:485} INFO - at py4j.reflection.MethodInvoker.invoke(MethodInvoker.java:244)
[2022-10-28T20:46:01.573+0000] {spark_submit.py:485} INFO - at py4j.reflection.ReflectionEngine.invoke(ReflectionEngine.java:357)
[2022-10-28T20:46:01.575+0000] {spark_submit.py:485} INFO - at py4j.Gateway.invoke(Gateway.java:282)
[2022-10-28T20:46:01.577+0000] {spark_submit.py:485} INFO - at py4j.commands.AbstractCommand.invokeMethod(AbstractCommand.java:132)
[2022-10-28T20:46:01.580+0000] {spark_submit.py:485} INFO - at py4j.commands.CallCommand.execute(CallCommand.java:79)
[2022-10-28T20:46:01.583+0000] {spark_submit.py:485} INFO - at py4j.ClientServerConnection.waitForCommands(ClientServerConnection.java:182)
[2022-10-28T20:46:01.586+0000] {spark_submit.py:485} INFO - at py4j.ClientServerConnection.run(ClientServerConnection.java:106)
[2022-10-28T20:46:01.589+0000] {spark_submit.py:485} INFO - at java.base/java.lang.Thread.run(Thread.java:829)
[2022-10-28T20:46:01.592+0000] {spark_submit.py:485} INFO - 
[2022-10-28T20:46:01.644+0000] {spark_submit.py:485} INFO - 22/10/28 20:46:01 INFO SparkContext: Invoking stop() from shutdown hook
[2022-10-28T20:46:01.731+0000] {spark_submit.py:485} INFO - 22/10/28 20:46:01 INFO SparkUI: Stopped Spark web UI at http://08236190b7e3:4040
[2022-10-28T20:46:01.769+0000] {spark_submit.py:485} INFO - 22/10/28 20:46:01 INFO StandaloneSchedulerBackend: Shutting down all executors
[2022-10-28T20:46:01.915+0000] {spark_submit.py:485} INFO - 22/10/28 20:46:01 INFO CoarseGrainedSchedulerBackend$DriverEndpoint: Asking each executor to shut down
[2022-10-28T20:46:02.361+0000] {spark_submit.py:485} INFO - 22/10/28 20:46:02 INFO MapOutputTrackerMasterEndpoint: MapOutputTrackerMasterEndpoint stopped!
[2022-10-28T20:46:02.492+0000] {spark_submit.py:485} INFO - 22/10/28 20:46:02 INFO MemoryStore: MemoryStore cleared
[2022-10-28T20:46:02.496+0000] {spark_submit.py:485} INFO - 22/10/28 20:46:02 INFO BlockManager: BlockManager stopped
[2022-10-28T20:46:02.531+0000] {spark_submit.py:485} INFO - 22/10/28 20:46:02 INFO BlockManagerMaster: BlockManagerMaster stopped
[2022-10-28T20:46:02.542+0000] {spark_submit.py:485} INFO - 22/10/28 20:46:02 INFO OutputCommitCoordinator$OutputCommitCoordinatorEndpoint: OutputCommitCoordinator stopped!
[2022-10-28T20:46:02.651+0000] {spark_submit.py:485} INFO - 22/10/28 20:46:02 INFO SparkContext: Successfully stopped SparkContext
[2022-10-28T20:46:02.656+0000] {spark_submit.py:485} INFO - 22/10/28 20:46:02 INFO ShutdownHookManager: Shutdown hook called
[2022-10-28T20:46:02.660+0000] {spark_submit.py:485} INFO - 22/10/28 20:46:02 INFO ShutdownHookManager: Deleting directory /tmp/spark-359e4ad9-ad6e-4525-b360-a95a47c4285b/pyspark-661561c7-ec49-48a6-940b-8246e971ea37
[2022-10-28T20:46:02.673+0000] {spark_submit.py:485} INFO - 22/10/28 20:46:02 INFO ShutdownHookManager: Deleting directory /tmp/spark-359e4ad9-ad6e-4525-b360-a95a47c4285b
[2022-10-28T20:46:02.692+0000] {spark_submit.py:485} INFO - 22/10/28 20:46:02 INFO ShutdownHookManager: Deleting directory /tmp/spark-17a8fe7e-e2be-44c1-a89c-ff69b9943294
[2022-10-28T20:46:03.217+0000] {taskinstance.py:1851} ERROR - Task failed with exception
Traceback (most recent call last):
  File "/home/airflow/.local/lib/python3.7/site-packages/airflow/providers/apache/spark/operators/spark_submit.py", line 157, in execute
    self._hook.submit(self._application)
  File "/home/airflow/.local/lib/python3.7/site-packages/airflow/providers/apache/spark/hooks/spark_submit.py", line 417, in submit
    f"Cannot execute: {self._mask_cmd(spark_submit_cmd)}. Error code is: {returncode}."
airflow.exceptions.AirflowException: Cannot execute: spark-submit --master spark://py-spark:7077 --name arrow-spark --deploy-mode client /mnt/script-1.py. Error code is: 1.
[2022-10-28T20:46:03.235+0000] {taskinstance.py:1406} INFO - Marking task as UP_FOR_RETRY. dag_id=j_spark_trigger, task_id=transform_data, execution_date=20221028T204544, start_date=20221028T204549, end_date=20221028T204603
[2022-10-28T20:46:03.264+0000] {standard_task_runner.py:107} ERROR - Failed to execute job 98 for task transform_data (Cannot execute: spark-submit --master spark://py-spark:7077 --name arrow-spark --deploy-mode client /mnt/script-1.py. Error code is: 1.; 2560)
[2022-10-28T20:46:03.333+0000] {local_task_job.py:164} INFO - Task exited with return code 1
[2022-10-28T20:46:03.386+0000] {local_task_job.py:273} INFO - 0 downstream tasks scheduled from follow-on schedule check
