[2022-10-28T20:45:47.022+0000] {taskinstance.py:1165} INFO - Dependencies all met for <TaskInstance: j_spark_trigger.load_data scheduled__2022-10-27T20:45:26.766873+00:00 [queued]>
[2022-10-28T20:45:47.038+0000] {taskinstance.py:1165} INFO - Dependencies all met for <TaskInstance: j_spark_trigger.load_data scheduled__2022-10-27T20:45:26.766873+00:00 [queued]>
[2022-10-28T20:45:47.040+0000] {taskinstance.py:1362} INFO - 
--------------------------------------------------------------------------------
[2022-10-28T20:45:47.042+0000] {taskinstance.py:1363} INFO - Starting attempt 1 of 2
[2022-10-28T20:45:47.043+0000] {taskinstance.py:1364} INFO - 
--------------------------------------------------------------------------------
[2022-10-28T20:45:47.053+0000] {taskinstance.py:1383} INFO - Executing <Task(PostgresOperator): load_data> on 2022-10-27 20:45:26.766873+00:00
[2022-10-28T20:45:47.063+0000] {standard_task_runner.py:54} INFO - Started process 2555 to run task
[2022-10-28T20:45:47.067+0000] {standard_task_runner.py:82} INFO - Running: ['***', 'tasks', 'run', 'j_spark_trigger', 'load_data', 'scheduled__2022-10-27T20:45:26.766873+00:00', '--job-id', '96', '--raw', '--subdir', 'DAGS_FOLDER/j_spark_trigger.py', '--cfg-path', '/tmp/tmp5xqvg5x3']
[2022-10-28T20:45:47.069+0000] {standard_task_runner.py:83} INFO - Job 96: Subtask load_data
[2022-10-28T20:45:47.075+0000] {dagbag.py:525} INFO - Filling up the DagBag from /opt/***/dags/j_spark_trigger.py
[2022-10-28T20:45:47.252+0000] {task_command.py:384} INFO - Running <TaskInstance: j_spark_trigger.load_data scheduled__2022-10-27T20:45:26.766873+00:00 [running]> on host 08236190b7e3
[2022-10-28T20:45:47.339+0000] {taskinstance.py:1592} INFO - Exporting the following env vars:
AIRFLOW_CTX_DAG_EMAIL=***@example.com
AIRFLOW_CTX_DAG_OWNER=***
AIRFLOW_CTX_DAG_ID=j_spark_trigger
AIRFLOW_CTX_TASK_ID=load_data
AIRFLOW_CTX_EXECUTION_DATE=2022-10-27T20:45:26.766873+00:00
AIRFLOW_CTX_TRY_NUMBER=1
AIRFLOW_CTX_DAG_RUN_ID=scheduled__2022-10-27T20:45:26.766873+00:00
[2022-10-28T20:45:47.360+0000] {base.py:71} INFO - Using connection ID 'conn_postgres' for task execution.
[2022-10-28T20:45:47.370+0000] {sql.py:315} INFO - Running statement: DROP TABLE IF EXISTS laureate;
CREATE TABLE laureate (
    id int,firstname varchar(255),surname varchar(255),born varchar(255),died varchar(255),
    bornCountry varchar(255),bornCountryCode varchar(10),bornCity varchar(255),diedCountry varchar(255),
    diedCountryCode varchar(255),diedCity varchar(255),gender varchar(255),year int,category varchar(255),overallMotivation varchar,
    share int,motivation varchar,name varchar(255),city varchar(255),country varchar(255)
);

COPY laureate
FROM '/mnt/laureate.csv'
DELIMITER ','
CSV HEADER;

DROP TABLE IF EXISTS prize;
CREATE TABLE prize (
    year int,category varchar(255),overallMotivation varchar,id int,
    firstname varchar(255),surname varchar(255),motivation varchar,share int
);

COPY prize
FROM '/mnt/prize.csv'
DELIMITER ','
CSV HEADER;, parameters: None
[2022-10-28T20:45:47.445+0000] {sql.py:324} INFO - Rows affected: 989
[2022-10-28T20:45:47.473+0000] {taskinstance.py:1406} INFO - Marking task as SUCCESS. dag_id=j_spark_trigger, task_id=load_data, execution_date=20221027T204526, start_date=20221028T204547, end_date=20221028T204547
[2022-10-28T20:45:47.539+0000] {local_task_job.py:164} INFO - Task exited with return code 0
[2022-10-28T20:45:47.572+0000] {local_task_job.py:273} INFO - 1 downstream tasks scheduled from follow-on schedule check
