[2022-10-30T14:36:23.831+0000] {taskinstance.py:1165} INFO - Dependencies all met for <TaskInstance: j_spark_trigger.transform_data scheduled__2022-10-29T14:36:14.058284+00:00 [queued]>
[2022-10-30T14:36:23.839+0000] {taskinstance.py:1165} INFO - Dependencies all met for <TaskInstance: j_spark_trigger.transform_data scheduled__2022-10-29T14:36:14.058284+00:00 [queued]>
[2022-10-30T14:36:23.840+0000] {taskinstance.py:1362} INFO - 
--------------------------------------------------------------------------------
[2022-10-30T14:36:23.841+0000] {taskinstance.py:1363} INFO - Starting attempt 1 of 1
[2022-10-30T14:36:23.842+0000] {taskinstance.py:1364} INFO - 
--------------------------------------------------------------------------------
[2022-10-30T14:36:23.850+0000] {taskinstance.py:1383} INFO - Executing <Task(SparkSubmitOperator): transform_data> on 2022-10-29 14:36:14.058284+00:00
[2022-10-30T14:36:23.859+0000] {standard_task_runner.py:54} INFO - Started process 309 to run task
[2022-10-30T14:36:23.862+0000] {standard_task_runner.py:82} INFO - Running: ['***', 'tasks', 'run', 'j_spark_trigger', 'transform_data', 'scheduled__2022-10-29T14:36:14.058284+00:00', '--job-id', '113', '--raw', '--subdir', 'DAGS_FOLDER/j_spark_trigger.py', '--cfg-path', '/tmp/tmp4py600oq']
[2022-10-30T14:36:23.863+0000] {standard_task_runner.py:83} INFO - Job 113: Subtask transform_data
[2022-10-30T14:36:23.865+0000] {dagbag.py:525} INFO - Filling up the DagBag from /opt/***/dags/j_spark_trigger.py
[2022-10-30T14:36:24.043+0000] {task_command.py:384} INFO - Running <TaskInstance: j_spark_trigger.transform_data scheduled__2022-10-29T14:36:14.058284+00:00 [running]> on host b4666130538f
[2022-10-30T14:36:24.094+0000] {taskinstance.py:1592} INFO - Exporting the following env vars:
AIRFLOW_CTX_DAG_EMAIL=***@example.com
AIRFLOW_CTX_DAG_OWNER=***
AIRFLOW_CTX_DAG_ID=j_spark_trigger
AIRFLOW_CTX_TASK_ID=transform_data
AIRFLOW_CTX_EXECUTION_DATE=2022-10-29T14:36:14.058284+00:00
AIRFLOW_CTX_TRY_NUMBER=1
AIRFLOW_CTX_DAG_RUN_ID=scheduled__2022-10-29T14:36:14.058284+00:00
[2022-10-30T14:36:24.103+0000] {base.py:71} INFO - Using connection ID 'conn_spark' for task execution.
[2022-10-30T14:36:24.107+0000] {spark_submit.py:334} INFO - Spark-Submit cmd: spark-submit --master spark://py-spark:7077 --jars /opt/jars/postgresql-42.5.0.jar --name arrow-spark --deploy-mode client /mnt/script-1.py
[2022-10-30T14:36:24.248+0000] {spark_submit.py:485} INFO - /home/***/.local/lib/python3.7/site-packages/pyspark/bin/load-spark-env.sh: line 68: ps: command not found
[2022-10-30T14:36:26.472+0000] {spark_submit.py:485} INFO - 22/10/30 14:36:26 WARN NativeCodeLoader: Unable to load native-hadoop library for your platform... using builtin-java classes where applicable
[2022-10-30T14:36:27.353+0000] {spark_submit.py:485} INFO - 22/10/30 14:36:27 INFO SparkContext: Running Spark version 3.3.1
[2022-10-30T14:36:27.375+0000] {spark_submit.py:485} INFO - 22/10/30 14:36:27 INFO ResourceUtils: ==============================================================
[2022-10-30T14:36:27.377+0000] {spark_submit.py:485} INFO - 22/10/30 14:36:27 INFO ResourceUtils: No custom resources configured for spark.driver.
[2022-10-30T14:36:27.379+0000] {spark_submit.py:485} INFO - 22/10/30 14:36:27 INFO ResourceUtils: ==============================================================
[2022-10-30T14:36:27.380+0000] {spark_submit.py:485} INFO - 22/10/30 14:36:27 INFO SparkContext: Submitted application: arrow-spark
[2022-10-30T14:36:27.411+0000] {spark_submit.py:485} INFO - 22/10/30 14:36:27 INFO ResourceProfile: Default ResourceProfile created, executor resources: Map(cores -> name: cores, amount: 1, script: , vendor: , memory -> name: memory, amount: 1024, script: , vendor: , offHeap -> name: offHeap, amount: 0, script: , vendor: ), task resources: Map(cpus -> name: cpus, amount: 1.0)
[2022-10-30T14:36:27.419+0000] {spark_submit.py:485} INFO - 22/10/30 14:36:27 INFO ResourceProfile: Limiting resource is cpu
[2022-10-30T14:36:27.421+0000] {spark_submit.py:485} INFO - 22/10/30 14:36:27 INFO ResourceProfileManager: Added ResourceProfile id: 0
[2022-10-30T14:36:27.470+0000] {spark_submit.py:485} INFO - 22/10/30 14:36:27 INFO SecurityManager: Changing view acls to: ***
[2022-10-30T14:36:27.472+0000] {spark_submit.py:485} INFO - 22/10/30 14:36:27 INFO SecurityManager: Changing modify acls to: ***
[2022-10-30T14:36:27.474+0000] {spark_submit.py:485} INFO - 22/10/30 14:36:27 INFO SecurityManager: Changing view acls groups to:
[2022-10-30T14:36:27.476+0000] {spark_submit.py:485} INFO - 22/10/30 14:36:27 INFO SecurityManager: Changing modify acls groups to:
[2022-10-30T14:36:27.479+0000] {spark_submit.py:485} INFO - 22/10/30 14:36:27 INFO SecurityManager: SecurityManager: authentication disabled; ui acls disabled; users  with view permissions: Set(***); groups with view permissions: Set(); users  with modify permissions: Set(***); groups with modify permissions: Set()
[2022-10-30T14:36:27.666+0000] {spark_submit.py:485} INFO - 22/10/30 14:36:27 INFO Utils: Successfully started service 'sparkDriver' on port 37123.
[2022-10-30T14:36:27.695+0000] {spark_submit.py:485} INFO - 22/10/30 14:36:27 INFO SparkEnv: Registering MapOutputTracker
[2022-10-30T14:36:27.739+0000] {spark_submit.py:485} INFO - 22/10/30 14:36:27 INFO SparkEnv: Registering BlockManagerMaster
[2022-10-30T14:36:27.760+0000] {spark_submit.py:485} INFO - 22/10/30 14:36:27 INFO BlockManagerMasterEndpoint: Using org.apache.spark.storage.DefaultTopologyMapper for getting topology information
[2022-10-30T14:36:27.763+0000] {spark_submit.py:485} INFO - 22/10/30 14:36:27 INFO BlockManagerMasterEndpoint: BlockManagerMasterEndpoint up
[2022-10-30T14:36:27.769+0000] {spark_submit.py:485} INFO - 22/10/30 14:36:27 INFO SparkEnv: Registering BlockManagerMasterHeartbeat
[2022-10-30T14:36:27.806+0000] {spark_submit.py:485} INFO - 22/10/30 14:36:27 INFO DiskBlockManager: Created local directory at /tmp/blockmgr-b4af5b35-a938-4ade-801d-53def36562e7
[2022-10-30T14:36:27.835+0000] {spark_submit.py:485} INFO - 22/10/30 14:36:27 INFO MemoryStore: MemoryStore started with capacity 434.4 MiB
[2022-10-30T14:36:27.852+0000] {spark_submit.py:485} INFO - 22/10/30 14:36:27 INFO SparkEnv: Registering OutputCommitCoordinator
[2022-10-30T14:36:28.049+0000] {spark_submit.py:485} INFO - 22/10/30 14:36:28 INFO Utils: Successfully started service 'SparkUI' on port 4040.
[2022-10-30T14:36:28.074+0000] {spark_submit.py:485} INFO - 22/10/30 14:36:28 INFO SparkContext: Added JAR file:///opt/jars/postgresql-42.5.0.jar at spark://b4666130538f:37123/jars/postgresql-42.5.0.jar with timestamp 1667140587345
[2022-10-30T14:36:28.152+0000] {spark_submit.py:485} INFO - 22/10/30 14:36:28 INFO StandaloneAppClient$ClientEndpoint: Connecting to master spark://py-spark:7077...
[2022-10-30T14:36:28.188+0000] {spark_submit.py:485} INFO - 22/10/30 14:36:28 INFO TransportClientFactory: Successfully created connection to py-spark/192.168.192.4:7077 after 20 ms (0 ms spent in bootstraps)
[2022-10-30T14:36:28.512+0000] {spark_submit.py:485} INFO - 22/10/30 14:36:28 INFO StandaloneSchedulerBackend: Connected to Spark cluster with app ID app-20221030143628-0002
[2022-10-30T14:36:28.525+0000] {spark_submit.py:485} INFO - 22/10/30 14:36:28 INFO Utils: Successfully started service 'org.apache.spark.network.netty.NettyBlockTransferService' on port 43063.
[2022-10-30T14:36:28.528+0000] {spark_submit.py:485} INFO - 22/10/30 14:36:28 INFO NettyBlockTransferService: Server created on b4666130538f:43063
[2022-10-30T14:36:28.531+0000] {spark_submit.py:485} INFO - 22/10/30 14:36:28 INFO BlockManager: Using org.apache.spark.storage.RandomBlockReplicationPolicy for block replication policy
[2022-10-30T14:36:28.543+0000] {spark_submit.py:485} INFO - 22/10/30 14:36:28 INFO BlockManagerMaster: Registering BlockManager BlockManagerId(driver, b4666130538f, 43063, None)
[2022-10-30T14:36:28.548+0000] {spark_submit.py:485} INFO - 22/10/30 14:36:28 INFO BlockManagerMasterEndpoint: Registering block manager b4666130538f:43063 with 434.4 MiB RAM, BlockManagerId(driver, b4666130538f, 43063, None)
[2022-10-30T14:36:28.552+0000] {spark_submit.py:485} INFO - 22/10/30 14:36:28 INFO BlockManagerMaster: Registered BlockManager BlockManagerId(driver, b4666130538f, 43063, None)
[2022-10-30T14:36:28.560+0000] {spark_submit.py:485} INFO - 22/10/30 14:36:28 INFO BlockManager: Initialized BlockManager: BlockManagerId(driver, b4666130538f, 43063, None)
[2022-10-30T14:36:28.568+0000] {spark_submit.py:485} INFO - 22/10/30 14:36:28 INFO StandaloneAppClient$ClientEndpoint: Executor added: app-20221030143628-0002/0 on worker-20221030142802-192.168.192.4-44797 (192.168.192.4:44797) with 7 core(s)
[2022-10-30T14:36:28.572+0000] {spark_submit.py:485} INFO - 22/10/30 14:36:28 INFO StandaloneSchedulerBackend: Granted executor ID app-20221030143628-0002/0 on hostPort 192.168.192.4:44797 with 7 core(s), 1024.0 MiB RAM
[2022-10-30T14:36:28.781+0000] {spark_submit.py:485} INFO - 22/10/30 14:36:28 INFO StandaloneSchedulerBackend: SchedulerBackend is ready for scheduling beginning after reached minRegisteredResourcesRatio: 0.0
[2022-10-30T14:36:29.036+0000] {spark_submit.py:485} INFO - 22/10/30 14:36:29 INFO SharedState: Setting hive.metastore.warehouse.dir ('null') to the value of spark.sql.warehouse.dir.
[2022-10-30T14:36:29.044+0000] {spark_submit.py:485} INFO - 22/10/30 14:36:29 INFO SharedState: Warehouse path is 'file:/opt/***/spark-warehouse'.
[2022-10-30T14:36:29.395+0000] {spark_submit.py:485} INFO - 22/10/30 14:36:29 INFO StandaloneAppClient$ClientEndpoint: Executor updated: app-20221030143628-0002/0 is now RUNNING
[2022-10-30T14:36:32.149+0000] {spark_submit.py:485} INFO - 22/10/30 14:36:32 INFO SparkContext: Invoking stop() from shutdown hook
[2022-10-30T14:36:32.178+0000] {spark_submit.py:485} INFO - 22/10/30 14:36:32 INFO SparkUI: Stopped Spark web UI at http://b4666130538f:4040
[2022-10-30T14:36:32.183+0000] {spark_submit.py:485} INFO - 22/10/30 14:36:32 INFO StandaloneSchedulerBackend: Shutting down all executors
[2022-10-30T14:36:32.190+0000] {spark_submit.py:485} INFO - 22/10/30 14:36:32 INFO CoarseGrainedSchedulerBackend$DriverEndpoint: Asking each executor to shut down
[2022-10-30T14:36:32.297+0000] {spark_submit.py:485} INFO - 22/10/30 14:36:32 INFO MapOutputTrackerMasterEndpoint: MapOutputTrackerMasterEndpoint stopped!
[2022-10-30T14:36:32.450+0000] {spark_submit.py:485} INFO - 22/10/30 14:36:32 INFO MemoryStore: MemoryStore cleared
[2022-10-30T14:36:32.458+0000] {spark_submit.py:485} INFO - 22/10/30 14:36:32 INFO BlockManager: BlockManager stopped
[2022-10-30T14:36:32.477+0000] {spark_submit.py:485} INFO - 22/10/30 14:36:32 INFO BlockManagerMaster: BlockManagerMaster stopped
[2022-10-30T14:36:32.489+0000] {spark_submit.py:485} INFO - 22/10/30 14:36:32 INFO OutputCommitCoordinator$OutputCommitCoordinatorEndpoint: OutputCommitCoordinator stopped!
[2022-10-30T14:36:32.552+0000] {spark_submit.py:485} INFO - 22/10/30 14:36:32 INFO SparkContext: Successfully stopped SparkContext
[2022-10-30T14:36:32.557+0000] {spark_submit.py:485} INFO - 22/10/30 14:36:32 INFO ShutdownHookManager: Shutdown hook called
[2022-10-30T14:36:32.560+0000] {spark_submit.py:485} INFO - 22/10/30 14:36:32 INFO ShutdownHookManager: Deleting directory /tmp/spark-16a40dfb-256f-4270-982d-ee6da50a4002
[2022-10-30T14:36:32.579+0000] {spark_submit.py:485} INFO - 22/10/30 14:36:32 INFO ShutdownHookManager: Deleting directory /tmp/spark-eb0bbbe7-bcfe-49dc-a383-ed948be70ec5
[2022-10-30T14:36:32.599+0000] {spark_submit.py:485} INFO - 22/10/30 14:36:32 INFO ShutdownHookManager: Deleting directory /tmp/spark-16a40dfb-256f-4270-982d-ee6da50a4002/pyspark-c98ea592-efe3-473d-80aa-ed857e5b1d69
[2022-10-30T14:36:33.054+0000] {taskinstance.py:1406} INFO - Marking task as SUCCESS. dag_id=j_spark_trigger, task_id=transform_data, execution_date=20221029T143614, start_date=20221030T143623, end_date=20221030T143633
[2022-10-30T14:36:33.199+0000] {local_task_job.py:164} INFO - Task exited with return code 0
[2022-10-30T14:36:33.278+0000] {local_task_job.py:273} INFO - 0 downstream tasks scheduled from follow-on schedule check
