[2022-10-31T22:41:44.516+0000] {taskinstance.py:1165} INFO - Dependencies all met for <TaskInstance: j_spark_trigger.transform_data_1 manual__2022-10-31T22:41:41.304135+00:00 [queued]>
[2022-10-31T22:41:44.526+0000] {taskinstance.py:1165} INFO - Dependencies all met for <TaskInstance: j_spark_trigger.transform_data_1 manual__2022-10-31T22:41:41.304135+00:00 [queued]>
[2022-10-31T22:41:44.535+0000] {taskinstance.py:1362} INFO - 
--------------------------------------------------------------------------------
[2022-10-31T22:41:44.543+0000] {taskinstance.py:1363} INFO - Starting attempt 1 of 1
[2022-10-31T22:41:44.545+0000] {taskinstance.py:1364} INFO - 
--------------------------------------------------------------------------------
[2022-10-31T22:41:44.575+0000] {taskinstance.py:1383} INFO - Executing <Task(BashOperator): transform_data_1> on 2022-10-31 22:41:41.304135+00:00
[2022-10-31T22:41:44.584+0000] {standard_task_runner.py:54} INFO - Started process 5191 to run task
[2022-10-31T22:41:44.591+0000] {standard_task_runner.py:82} INFO - Running: ['***', 'tasks', 'run', 'j_spark_trigger', 'transform_data_1', 'manual__2022-10-31T22:41:41.304135+00:00', '--job-id', '127', '--raw', '--subdir', 'DAGS_FOLDER/j_spark_trigger.py', '--cfg-path', '/tmp/tmpdt88gl2o']
[2022-10-31T22:41:44.594+0000] {standard_task_runner.py:83} INFO - Job 127: Subtask transform_data_1
[2022-10-31T22:41:44.597+0000] {dagbag.py:525} INFO - Filling up the DagBag from /opt/***/dags/j_spark_trigger.py
[2022-10-31T22:41:44.804+0000] {task_command.py:384} INFO - Running <TaskInstance: j_spark_trigger.transform_data_1 manual__2022-10-31T22:41:41.304135+00:00 [running]> on host 3feaf0e3bdbf
[2022-10-31T22:41:44.879+0000] {taskinstance.py:1592} INFO - Exporting the following env vars:
AIRFLOW_CTX_DAG_EMAIL=***@example.com
AIRFLOW_CTX_DAG_OWNER=***
AIRFLOW_CTX_DAG_ID=j_spark_trigger
AIRFLOW_CTX_TASK_ID=transform_data_1
AIRFLOW_CTX_EXECUTION_DATE=2022-10-31T22:41:41.304135+00:00
AIRFLOW_CTX_TRY_NUMBER=1
AIRFLOW_CTX_DAG_RUN_ID=manual__2022-10-31T22:41:41.304135+00:00
[2022-10-31T22:41:44.884+0000] {subprocess.py:63} INFO - Tmp dir root location: 
 /tmp
[2022-10-31T22:41:44.899+0000] {subprocess.py:75} INFO - Running command: ['/bin/bash', '-c', '/opt/spark/bin/spark-submit /mnt/script-1.py']
[2022-10-31T22:41:44.965+0000] {subprocess.py:86} INFO - Output:
[2022-10-31T22:41:47.512+0000] {subprocess.py:93} INFO - 22/10/31 22:41:47 INFO SparkContext: Running Spark version 3.3.0
[2022-10-31T22:41:47.594+0000] {subprocess.py:93} INFO - 22/10/31 22:41:47 WARN NativeCodeLoader: Unable to load native-hadoop library for your platform... using builtin-java classes where applicable
[2022-10-31T22:41:47.698+0000] {subprocess.py:93} INFO - 22/10/31 22:41:47 INFO ResourceUtils: ==============================================================
[2022-10-31T22:41:47.710+0000] {subprocess.py:93} INFO - 22/10/31 22:41:47 INFO ResourceUtils: No custom resources configured for spark.driver.
[2022-10-31T22:41:47.714+0000] {subprocess.py:93} INFO - 22/10/31 22:41:47 INFO ResourceUtils: ==============================================================
[2022-10-31T22:41:47.716+0000] {subprocess.py:93} INFO - 22/10/31 22:41:47 INFO SparkContext: Submitted application: script-1.py
[2022-10-31T22:41:47.729+0000] {subprocess.py:93} INFO - 22/10/31 22:41:47 INFO ResourceProfile: Default ResourceProfile created, executor resources: Map(cores -> name: cores, amount: 1, script: , vendor: , memory -> name: memory, amount: 1024, script: , vendor: , offHeap -> name: offHeap, amount: 0, script: , vendor: ), task resources: Map(cpus -> name: cpus, amount: 1.0)
[2022-10-31T22:41:47.738+0000] {subprocess.py:93} INFO - 22/10/31 22:41:47 INFO ResourceProfile: Limiting resource is cpu
[2022-10-31T22:41:47.741+0000] {subprocess.py:93} INFO - 22/10/31 22:41:47 INFO ResourceProfileManager: Added ResourceProfile id: 0
[2022-10-31T22:41:47.785+0000] {subprocess.py:93} INFO - 22/10/31 22:41:47 INFO SecurityManager: Changing view acls to: ***
[2022-10-31T22:41:47.789+0000] {subprocess.py:93} INFO - 22/10/31 22:41:47 INFO SecurityManager: Changing modify acls to: ***
[2022-10-31T22:41:47.796+0000] {subprocess.py:93} INFO - 22/10/31 22:41:47 INFO SecurityManager: Changing view acls groups to:
[2022-10-31T22:41:47.799+0000] {subprocess.py:93} INFO - 22/10/31 22:41:47 INFO SecurityManager: Changing modify acls groups to:
[2022-10-31T22:41:47.800+0000] {subprocess.py:93} INFO - 22/10/31 22:41:47 INFO SecurityManager: SecurityManager: authentication disabled; ui acls disabled; users  with view permissions: Set(***); groups with view permissions: Set(); users  with modify permissions: Set(***); groups with modify permissions: Set()
[2022-10-31T22:41:48.285+0000] {subprocess.py:93} INFO - 22/10/31 22:41:48 INFO Utils: Successfully started service 'sparkDriver' on port 41077.
[2022-10-31T22:41:48.345+0000] {subprocess.py:93} INFO - 22/10/31 22:41:48 INFO SparkEnv: Registering MapOutputTracker
[2022-10-31T22:41:48.382+0000] {subprocess.py:93} INFO - 22/10/31 22:41:48 INFO SparkEnv: Registering BlockManagerMaster
[2022-10-31T22:41:48.410+0000] {subprocess.py:93} INFO - 22/10/31 22:41:48 INFO BlockManagerMasterEndpoint: Using org.apache.spark.storage.DefaultTopologyMapper for getting topology information
[2022-10-31T22:41:48.414+0000] {subprocess.py:93} INFO - 22/10/31 22:41:48 INFO BlockManagerMasterEndpoint: BlockManagerMasterEndpoint up
[2022-10-31T22:41:48.418+0000] {subprocess.py:93} INFO - 22/10/31 22:41:48 INFO SparkEnv: Registering BlockManagerMasterHeartbeat
[2022-10-31T22:41:48.450+0000] {subprocess.py:93} INFO - 22/10/31 22:41:48 INFO DiskBlockManager: Created local directory at /tmp/blockmgr-e842df95-5ae1-47fe-ada2-e1ed9437f987
[2022-10-31T22:41:48.477+0000] {subprocess.py:93} INFO - 22/10/31 22:41:48 INFO MemoryStore: MemoryStore started with capacity 434.4 MiB
[2022-10-31T22:41:48.512+0000] {subprocess.py:93} INFO - 22/10/31 22:41:48 INFO SparkEnv: Registering OutputCommitCoordinator
[2022-10-31T22:41:48.882+0000] {subprocess.py:93} INFO - 22/10/31 22:41:48 WARN Utils: Service 'SparkUI' could not bind on port 4040. Attempting port 4041.
[2022-10-31T22:41:48.901+0000] {subprocess.py:93} INFO - 22/10/31 22:41:48 INFO Utils: Successfully started service 'SparkUI' on port 4041.
[2022-10-31T22:41:48.978+0000] {subprocess.py:93} INFO - 22/10/31 22:41:48 INFO SparkContext: Added JAR /opt/spark/jars/postgresql-42.5.0.jar at spark://3feaf0e3bdbf:41077/jars/postgresql-42.5.0.jar with timestamp 1667256107488
[2022-10-31T22:41:49.135+0000] {subprocess.py:93} INFO - 22/10/31 22:41:49 INFO Executor: Starting executor ID driver on host 3feaf0e3bdbf
[2022-10-31T22:41:49.144+0000] {subprocess.py:93} INFO - 22/10/31 22:41:49 INFO Executor: Starting executor with user classpath (userClassPathFirst = false): ''
[2022-10-31T22:41:49.165+0000] {subprocess.py:93} INFO - 22/10/31 22:41:49 INFO Executor: Fetching spark://3feaf0e3bdbf:41077/jars/postgresql-42.5.0.jar with timestamp 1667256107488
[2022-10-31T22:41:49.248+0000] {subprocess.py:93} INFO - 22/10/31 22:41:49 INFO TransportClientFactory: Successfully created connection to 3feaf0e3bdbf/172.18.0.7:41077 after 40 ms (0 ms spent in bootstraps)
[2022-10-31T22:41:49.261+0000] {subprocess.py:93} INFO - 22/10/31 22:41:49 INFO Utils: Fetching spark://3feaf0e3bdbf:41077/jars/postgresql-42.5.0.jar to /tmp/spark-4115c978-a135-4c77-968d-7318e7bfd93d/userFiles-720fb86e-4729-48fd-bd0a-93f101cbb80b/fetchFileTemp4977725335136585024.tmp
[2022-10-31T22:41:50.972+0000] {subprocess.py:93} INFO - 22/10/31 22:41:50 INFO Executor: Adding file:/tmp/spark-4115c978-a135-4c77-968d-7318e7bfd93d/userFiles-720fb86e-4729-48fd-bd0a-93f101cbb80b/postgresql-42.5.0.jar to class loader
[2022-10-31T22:41:51.079+0000] {subprocess.py:93} INFO - 22/10/31 22:41:51 INFO Utils: Successfully started service 'org.apache.spark.network.netty.NettyBlockTransferService' on port 41001.
[2022-10-31T22:41:51.082+0000] {subprocess.py:93} INFO - 22/10/31 22:41:51 INFO NettyBlockTransferService: Server created on 3feaf0e3bdbf:41001
[2022-10-31T22:41:51.098+0000] {subprocess.py:93} INFO - 22/10/31 22:41:51 INFO BlockManager: Using org.apache.spark.storage.RandomBlockReplicationPolicy for block replication policy
[2022-10-31T22:41:51.125+0000] {subprocess.py:93} INFO - 22/10/31 22:41:51 INFO BlockManagerMaster: Registering BlockManager BlockManagerId(driver, 3feaf0e3bdbf, 41001, None)
[2022-10-31T22:41:51.166+0000] {subprocess.py:93} INFO - 22/10/31 22:41:51 INFO BlockManagerMasterEndpoint: Registering block manager 3feaf0e3bdbf:41001 with 434.4 MiB RAM, BlockManagerId(driver, 3feaf0e3bdbf, 41001, None)
[2022-10-31T22:41:51.202+0000] {subprocess.py:93} INFO - 22/10/31 22:41:51 INFO BlockManagerMaster: Registered BlockManager BlockManagerId(driver, 3feaf0e3bdbf, 41001, None)
[2022-10-31T22:41:51.236+0000] {subprocess.py:93} INFO - 22/10/31 22:41:51 INFO BlockManager: Initialized BlockManager: BlockManagerId(driver, 3feaf0e3bdbf, 41001, None)
[2022-10-31T22:41:55.343+0000] {subprocess.py:93} INFO - 22/10/31 22:41:55 INFO SharedState: Setting hive.metastore.warehouse.dir ('null') to the value of spark.sql.warehouse.dir.
[2022-10-31T22:41:55.368+0000] {subprocess.py:93} INFO - 22/10/31 22:41:55 INFO SharedState: Warehouse path is 'file:/tmp/***tmptelo87wv/spark-warehouse'.
[2022-10-31T22:42:24.184+0000] {subprocess.py:93} INFO - 22/10/31 22:42:24 INFO CodeGenerator: Code generated in 487.001208 ms
[2022-10-31T22:42:25.011+0000] {subprocess.py:93} INFO - 22/10/31 22:42:25 INFO DAGScheduler: Registering RDD 2 (save at NativeMethodAccessorImpl.java:0) as input to shuffle 0
[2022-10-31T22:42:25.025+0000] {subprocess.py:93} INFO - 22/10/31 22:42:25 INFO DAGScheduler: Got map stage job 0 (save at NativeMethodAccessorImpl.java:0) with 1 output partitions
[2022-10-31T22:42:25.027+0000] {subprocess.py:93} INFO - 22/10/31 22:42:25 INFO DAGScheduler: Final stage: ShuffleMapStage 0 (save at NativeMethodAccessorImpl.java:0)
[2022-10-31T22:42:25.030+0000] {subprocess.py:93} INFO - 22/10/31 22:42:25 INFO DAGScheduler: Parents of final stage: List()
[2022-10-31T22:42:25.033+0000] {subprocess.py:93} INFO - 22/10/31 22:42:25 INFO DAGScheduler: Missing parents: List()
[2022-10-31T22:42:25.053+0000] {subprocess.py:93} INFO - 22/10/31 22:42:25 INFO DAGScheduler: Submitting ShuffleMapStage 0 (MapPartitionsRDD[2] at save at NativeMethodAccessorImpl.java:0), which has no missing parents
[2022-10-31T22:42:25.353+0000] {subprocess.py:93} INFO - 22/10/31 22:42:25 INFO MemoryStore: Block broadcast_0 stored as values in memory (estimated size 33.5 KiB, free 434.4 MiB)
[2022-10-31T22:42:25.465+0000] {subprocess.py:93} INFO - 22/10/31 22:42:25 INFO MemoryStore: Block broadcast_0_piece0 stored as bytes in memory (estimated size 15.8 KiB, free 434.4 MiB)
[2022-10-31T22:42:25.475+0000] {subprocess.py:93} INFO - 22/10/31 22:42:25 INFO BlockManagerInfo: Added broadcast_0_piece0 in memory on 3feaf0e3bdbf:41001 (size: 15.8 KiB, free: 434.4 MiB)
[2022-10-31T22:42:25.491+0000] {subprocess.py:93} INFO - 22/10/31 22:42:25 INFO SparkContext: Created broadcast 0 from broadcast at DAGScheduler.scala:1513
[2022-10-31T22:42:25.562+0000] {subprocess.py:93} INFO - 22/10/31 22:42:25 INFO DAGScheduler: Submitting 1 missing tasks from ShuffleMapStage 0 (MapPartitionsRDD[2] at save at NativeMethodAccessorImpl.java:0) (first 15 tasks are for partitions Vector(0))
[2022-10-31T22:42:25.567+0000] {subprocess.py:93} INFO - 22/10/31 22:42:25 INFO TaskSchedulerImpl: Adding task set 0.0 with 1 tasks resource profile 0
[2022-10-31T22:42:25.827+0000] {subprocess.py:93} INFO - 22/10/31 22:42:25 INFO TaskSetManager: Starting task 0.0 in stage 0.0 (TID 0) (3feaf0e3bdbf, executor driver, partition 0, PROCESS_LOCAL, 4288 bytes) taskResourceAssignments Map()
[2022-10-31T22:42:25.898+0000] {subprocess.py:93} INFO - 22/10/31 22:42:25 INFO Executor: Running task 0.0 in stage 0.0 (TID 0)
[2022-10-31T22:42:26.349+0000] {subprocess.py:93} INFO - 22/10/31 22:42:26 INFO CodeGenerator: Code generated in 64.068167 ms
[2022-10-31T22:42:26.420+0000] {subprocess.py:93} INFO - 22/10/31 22:42:26 INFO CodeGenerator: Code generated in 20.212167 ms
[2022-10-31T22:42:26.493+0000] {subprocess.py:93} INFO - 22/10/31 22:42:26 INFO CodeGenerator: Code generated in 32.550083 ms
[2022-10-31T22:42:26.538+0000] {subprocess.py:93} INFO - 22/10/31 22:42:26 INFO CodeGenerator: Code generated in 16.79625 ms
[2022-10-31T22:42:26.586+0000] {subprocess.py:93} INFO - 22/10/31 22:42:26 INFO JDBCRDD: closed connection
[2022-10-31T22:42:27.022+0000] {subprocess.py:93} INFO - 22/10/31 22:42:27 INFO Executor: Finished task 0.0 in stage 0.0 (TID 0). 2539 bytes result sent to driver
[2022-10-31T22:42:27.069+0000] {subprocess.py:93} INFO - 22/10/31 22:42:27 INFO TaskSetManager: Finished task 0.0 in stage 0.0 (TID 0) in 1272 ms on 3feaf0e3bdbf (executor driver) (1/1)
[2022-10-31T22:42:27.075+0000] {subprocess.py:93} INFO - 22/10/31 22:42:27 INFO TaskSchedulerImpl: Removed TaskSet 0.0, whose tasks have all completed, from pool
[2022-10-31T22:42:27.109+0000] {subprocess.py:93} INFO - 22/10/31 22:42:27 INFO DAGScheduler: ShuffleMapStage 0 (save at NativeMethodAccessorImpl.java:0) finished in 2.017 s
[2022-10-31T22:42:27.169+0000] {subprocess.py:93} INFO - 22/10/31 22:42:27 INFO DAGScheduler: looking for newly runnable stages
[2022-10-31T22:42:27.174+0000] {subprocess.py:93} INFO - 22/10/31 22:42:27 INFO DAGScheduler: running: Set()
[2022-10-31T22:42:27.180+0000] {subprocess.py:93} INFO - 22/10/31 22:42:27 INFO DAGScheduler: waiting: Set()
[2022-10-31T22:42:27.183+0000] {subprocess.py:93} INFO - 22/10/31 22:42:27 INFO DAGScheduler: failed: Set()
[2022-10-31T22:42:27.270+0000] {subprocess.py:93} INFO - 22/10/31 22:42:27 INFO ShufflePartitionsUtil: For shuffle(0), advisory target size: 67108864, actual target size 1048576, minimum partition size: 1048576
[2022-10-31T22:42:27.527+0000] {subprocess.py:93} INFO - 22/10/31 22:42:27 INFO CodeGenerator: Code generated in 144.733167 ms
[2022-10-31T22:42:27.542+0000] {subprocess.py:93} INFO - 22/10/31 22:42:27 INFO HashAggregateExec: spark.sql.codegen.aggregate.map.twolevel.enabled is set to true, but current version of codegened fast hashmap does not support this aggregate.
[2022-10-31T22:42:27.628+0000] {subprocess.py:93} INFO - 22/10/31 22:42:27 INFO CodeGenerator: Code generated in 57.620417 ms
[2022-10-31T22:42:28.510+0000] {subprocess.py:93} INFO - 22/10/31 22:42:28 INFO SparkContext: Starting job: save at NativeMethodAccessorImpl.java:0
[2022-10-31T22:42:28.582+0000] {subprocess.py:93} INFO - 22/10/31 22:42:28 INFO DAGScheduler: Got job 1 (save at NativeMethodAccessorImpl.java:0) with 1 output partitions
[2022-10-31T22:42:28.602+0000] {subprocess.py:93} INFO - 22/10/31 22:42:28 INFO DAGScheduler: Final stage: ResultStage 2 (save at NativeMethodAccessorImpl.java:0)
[2022-10-31T22:42:28.609+0000] {subprocess.py:93} INFO - 22/10/31 22:42:28 INFO DAGScheduler: Parents of final stage: List(ShuffleMapStage 1)
[2022-10-31T22:42:28.612+0000] {subprocess.py:93} INFO - 22/10/31 22:42:28 INFO DAGScheduler: Missing parents: List()
[2022-10-31T22:42:28.648+0000] {subprocess.py:93} INFO - 22/10/31 22:42:28 INFO DAGScheduler: Submitting ResultStage 2 (MapPartitionsRDD[8] at save at NativeMethodAccessorImpl.java:0), which has no missing parents
[2022-10-31T22:42:29.047+0000] {subprocess.py:93} INFO - 22/10/31 22:42:29 INFO MemoryStore: Block broadcast_1 stored as values in memory (estimated size 41.4 KiB, free 434.3 MiB)
[2022-10-31T22:42:29.126+0000] {subprocess.py:93} INFO - 22/10/31 22:42:29 INFO MemoryStore: Block broadcast_1_piece0 stored as bytes in memory (estimated size 19.3 KiB, free 434.3 MiB)
[2022-10-31T22:42:29.138+0000] {subprocess.py:93} INFO - 22/10/31 22:42:29 INFO BlockManagerInfo: Added broadcast_1_piece0 in memory on 3feaf0e3bdbf:41001 (size: 19.3 KiB, free: 434.4 MiB)
[2022-10-31T22:42:29.152+0000] {subprocess.py:93} INFO - 22/10/31 22:42:29 INFO SparkContext: Created broadcast 1 from broadcast at DAGScheduler.scala:1513
[2022-10-31T22:42:29.177+0000] {subprocess.py:93} INFO - 22/10/31 22:42:29 INFO DAGScheduler: Submitting 1 missing tasks from ResultStage 2 (MapPartitionsRDD[8] at save at NativeMethodAccessorImpl.java:0) (first 15 tasks are for partitions Vector(0))
[2022-10-31T22:42:29.186+0000] {subprocess.py:93} INFO - 22/10/31 22:42:29 INFO TaskSchedulerImpl: Adding task set 2.0 with 1 tasks resource profile 0
[2022-10-31T22:42:29.238+0000] {subprocess.py:93} INFO - 22/10/31 22:42:29 INFO TaskSetManager: Starting task 0.0 in stage 2.0 (TID 1) (3feaf0e3bdbf, executor driver, partition 0, NODE_LOCAL, 4453 bytes) taskResourceAssignments Map()
[2022-10-31T22:42:29.275+0000] {subprocess.py:93} INFO - 22/10/31 22:42:29 INFO Executor: Running task 0.0 in stage 2.0 (TID 1)
[2022-10-31T22:42:30.342+0000] {subprocess.py:93} INFO - 22/10/31 22:42:30 INFO ShuffleBlockFetcherIterator: Getting 1 (9.2 KiB) non-empty blocks including 1 (9.2 KiB) local and 0 (0.0 B) host-local and 0 (0.0 B) push-merged-local and 0 (0.0 B) remote blocks
[2022-10-31T22:42:30.349+0000] {subprocess.py:93} INFO - 22/10/31 22:42:30 INFO ShuffleBlockFetcherIterator: Started 0 remote fetches in 45 ms
[2022-10-31T22:42:30.596+0000] {subprocess.py:93} INFO - 22/10/31 22:42:30 INFO CodeGenerator: Code generated in 73.902333 ms
[2022-10-31T22:42:30.730+0000] {subprocess.py:93} INFO - 22/10/31 22:42:30 INFO Executor: Finished task 0.0 in stage 2.0 (TID 1). 3455 bytes result sent to driver
[2022-10-31T22:42:30.758+0000] {subprocess.py:93} INFO - 22/10/31 22:42:30 INFO TaskSetManager: Finished task 0.0 in stage 2.0 (TID 1) in 1529 ms on 3feaf0e3bdbf (executor driver) (1/1)
[2022-10-31T22:42:30.770+0000] {subprocess.py:93} INFO - 22/10/31 22:42:30 INFO DAGScheduler: ResultStage 2 (save at NativeMethodAccessorImpl.java:0) finished in 1.943 s
[2022-10-31T22:42:30.782+0000] {subprocess.py:93} INFO - 22/10/31 22:42:30 INFO TaskSchedulerImpl: Removed TaskSet 2.0, whose tasks have all completed, from pool
[2022-10-31T22:42:30.790+0000] {subprocess.py:93} INFO - 22/10/31 22:42:30 INFO DAGScheduler: Job 1 is finished. Cancelling potential speculative or zombie tasks for this job
[2022-10-31T22:42:30.798+0000] {subprocess.py:93} INFO - 22/10/31 22:42:30 INFO TaskSchedulerImpl: Killing all running tasks in stage 2: Stage finished
[2022-10-31T22:42:30.817+0000] {subprocess.py:93} INFO - 22/10/31 22:42:30 INFO DAGScheduler: Job 1 finished: save at NativeMethodAccessorImpl.java:0, took 2.288329 s
[2022-10-31T22:42:31.744+0000] {subprocess.py:93} INFO - 22/10/31 22:42:31 INFO SparkContext: Invoking stop() from shutdown hook
[2022-10-31T22:42:31.847+0000] {subprocess.py:93} INFO - 22/10/31 22:42:31 INFO SparkUI: Stopped Spark web UI at http://3feaf0e3bdbf:4041
[2022-10-31T22:42:31.950+0000] {subprocess.py:93} INFO - 22/10/31 22:42:31 INFO MapOutputTrackerMasterEndpoint: MapOutputTrackerMasterEndpoint stopped!
[2022-10-31T22:42:32.219+0000] {subprocess.py:93} INFO - 22/10/31 22:42:32 INFO MemoryStore: MemoryStore cleared
[2022-10-31T22:42:32.224+0000] {subprocess.py:93} INFO - 22/10/31 22:42:32 INFO BlockManager: BlockManager stopped
[2022-10-31T22:42:32.283+0000] {subprocess.py:93} INFO - 22/10/31 22:42:32 INFO BlockManagerMaster: BlockManagerMaster stopped
[2022-10-31T22:42:32.303+0000] {subprocess.py:93} INFO - 22/10/31 22:42:32 INFO OutputCommitCoordinator$OutputCommitCoordinatorEndpoint: OutputCommitCoordinator stopped!
[2022-10-31T22:42:32.398+0000] {subprocess.py:93} INFO - 22/10/31 22:42:32 INFO SparkContext: Successfully stopped SparkContext
[2022-10-31T22:42:32.405+0000] {subprocess.py:93} INFO - 22/10/31 22:42:32 INFO ShutdownHookManager: Shutdown hook called
[2022-10-31T22:42:32.412+0000] {subprocess.py:93} INFO - 22/10/31 22:42:32 INFO ShutdownHookManager: Deleting directory /tmp/spark-4115c978-a135-4c77-968d-7318e7bfd93d
[2022-10-31T22:42:32.437+0000] {subprocess.py:93} INFO - 22/10/31 22:42:32 INFO ShutdownHookManager: Deleting directory /tmp/spark-c8908832-d6a9-4da9-803d-c5457739c06a
[2022-10-31T22:42:32.470+0000] {subprocess.py:93} INFO - 22/10/31 22:42:32 INFO ShutdownHookManager: Deleting directory /tmp/spark-4115c978-a135-4c77-968d-7318e7bfd93d/pyspark-93b3939c-ad70-4281-8e57-3353e64e97ea
[2022-10-31T22:42:36.825+0000] {subprocess.py:97} INFO - Command exited with return code 0
[2022-10-31T22:42:37.086+0000] {taskinstance.py:1406} INFO - Marking task as SUCCESS. dag_id=j_spark_trigger, task_id=transform_data_1, execution_date=20221031T224141, start_date=20221031T224144, end_date=20221031T224237
[2022-10-31T22:42:37.443+0000] {local_task_job.py:164} INFO - Task exited with return code 0
[2022-10-31T22:42:37.716+0000] {local_task_job.py:273} INFO - 0 downstream tasks scheduled from follow-on schedule check
