[2022-10-28T20:51:04.595+0000] {taskinstance.py:1165} INFO - Dependencies all met for <TaskInstance: j_spark_trigger.transform_data scheduled__2022-10-27T20:45:26.766873+00:00 [queued]>
[2022-10-28T20:51:04.618+0000] {taskinstance.py:1165} INFO - Dependencies all met for <TaskInstance: j_spark_trigger.transform_data scheduled__2022-10-27T20:45:26.766873+00:00 [queued]>
[2022-10-28T20:51:04.621+0000] {taskinstance.py:1362} INFO - 
--------------------------------------------------------------------------------
[2022-10-28T20:51:04.626+0000] {taskinstance.py:1363} INFO - Starting attempt 2 of 2
[2022-10-28T20:51:04.630+0000] {taskinstance.py:1364} INFO - 
--------------------------------------------------------------------------------
[2022-10-28T20:51:04.654+0000] {taskinstance.py:1383} INFO - Executing <Task(SparkSubmitOperator): transform_data> on 2022-10-27 20:45:26.766873+00:00
[2022-10-28T20:51:04.666+0000] {standard_task_runner.py:54} INFO - Started process 3118 to run task
[2022-10-28T20:51:04.675+0000] {standard_task_runner.py:82} INFO - Running: ['***', 'tasks', 'run', 'j_spark_trigger', 'transform_data', 'scheduled__2022-10-27T20:45:26.766873+00:00', '--job-id', '99', '--raw', '--subdir', 'DAGS_FOLDER/j_spark_trigger.py', '--cfg-path', '/tmp/tmpxnibx7yp']
[2022-10-28T20:51:04.679+0000] {standard_task_runner.py:83} INFO - Job 99: Subtask transform_data
[2022-10-28T20:51:04.683+0000] {dagbag.py:525} INFO - Filling up the DagBag from /opt/***/dags/j_spark_trigger.py
[2022-10-28T20:51:04.842+0000] {task_command.py:384} INFO - Running <TaskInstance: j_spark_trigger.transform_data scheduled__2022-10-27T20:45:26.766873+00:00 [running]> on host 08236190b7e3
[2022-10-28T20:51:04.897+0000] {taskinstance.py:1592} INFO - Exporting the following env vars:
AIRFLOW_CTX_DAG_EMAIL=***@example.com
AIRFLOW_CTX_DAG_OWNER=***
AIRFLOW_CTX_DAG_ID=j_spark_trigger
AIRFLOW_CTX_TASK_ID=transform_data
AIRFLOW_CTX_EXECUTION_DATE=2022-10-27T20:45:26.766873+00:00
AIRFLOW_CTX_TRY_NUMBER=2
AIRFLOW_CTX_DAG_RUN_ID=scheduled__2022-10-27T20:45:26.766873+00:00
[2022-10-28T20:51:04.907+0000] {base.py:71} INFO - Using connection ID 'conn_spark' for task execution.
[2022-10-28T20:51:04.909+0000] {spark_submit.py:334} INFO - Spark-Submit cmd: spark-submit --master spark://py-spark:7077 --name arrow-spark --deploy-mode client /mnt/script-1.py
[2022-10-28T20:51:05.036+0000] {spark_submit.py:485} INFO - /home/***/.local/lib/python3.7/site-packages/pyspark/bin/load-spark-env.sh: line 68: ps: command not found
[2022-10-28T20:51:07.552+0000] {spark_submit.py:485} INFO - 22/10/28 20:51:07 INFO SparkContext: Running Spark version 3.3.1
[2022-10-28T20:51:07.622+0000] {spark_submit.py:485} INFO - 22/10/28 20:51:07 WARN NativeCodeLoader: Unable to load native-hadoop library for your platform... using builtin-java classes where applicable
[2022-10-28T20:51:07.730+0000] {spark_submit.py:485} INFO - 22/10/28 20:51:07 INFO ResourceUtils: ==============================================================
[2022-10-28T20:51:07.756+0000] {spark_submit.py:485} INFO - 22/10/28 20:51:07 INFO ResourceUtils: No custom resources configured for spark.driver.
[2022-10-28T20:51:07.770+0000] {spark_submit.py:485} INFO - 22/10/28 20:51:07 INFO ResourceUtils: ==============================================================
[2022-10-28T20:51:07.777+0000] {spark_submit.py:485} INFO - 22/10/28 20:51:07 INFO SparkContext: Submitted application: arrow-spark
[2022-10-28T20:51:07.807+0000] {spark_submit.py:485} INFO - 22/10/28 20:51:07 INFO ResourceProfile: Default ResourceProfile created, executor resources: Map(cores -> name: cores, amount: 1, script: , vendor: , memory -> name: memory, amount: 1024, script: , vendor: , offHeap -> name: offHeap, amount: 0, script: , vendor: ), task resources: Map(cpus -> name: cpus, amount: 1.0)
[2022-10-28T20:51:07.836+0000] {spark_submit.py:485} INFO - 22/10/28 20:51:07 INFO ResourceProfile: Limiting resource is cpu
[2022-10-28T20:51:07.840+0000] {spark_submit.py:485} INFO - 22/10/28 20:51:07 INFO ResourceProfileManager: Added ResourceProfile id: 0
[2022-10-28T20:51:07.932+0000] {spark_submit.py:485} INFO - 22/10/28 20:51:07 INFO SecurityManager: Changing view acls to: ***
[2022-10-28T20:51:07.939+0000] {spark_submit.py:485} INFO - 22/10/28 20:51:07 INFO SecurityManager: Changing modify acls to: ***
[2022-10-28T20:51:07.942+0000] {spark_submit.py:485} INFO - 22/10/28 20:51:07 INFO SecurityManager: Changing view acls groups to:
[2022-10-28T20:51:07.948+0000] {spark_submit.py:485} INFO - 22/10/28 20:51:07 INFO SecurityManager: Changing modify acls groups to:
[2022-10-28T20:51:07.951+0000] {spark_submit.py:485} INFO - 22/10/28 20:51:07 INFO SecurityManager: SecurityManager: authentication disabled; ui acls disabled; users  with view permissions: Set(***); groups with view permissions: Set(); users  with modify permissions: Set(***); groups with modify permissions: Set()
[2022-10-28T20:51:08.999+0000] {spark_submit.py:485} INFO - 22/10/28 20:51:08 INFO Utils: Successfully started service 'sparkDriver' on port 32885.
[2022-10-28T20:51:09.088+0000] {spark_submit.py:485} INFO - 22/10/28 20:51:09 INFO SparkEnv: Registering MapOutputTracker
[2022-10-28T20:51:09.156+0000] {spark_submit.py:485} INFO - 22/10/28 20:51:09 INFO SparkEnv: Registering BlockManagerMaster
[2022-10-28T20:51:09.195+0000] {spark_submit.py:485} INFO - 22/10/28 20:51:09 INFO BlockManagerMasterEndpoint: Using org.apache.spark.storage.DefaultTopologyMapper for getting topology information
[2022-10-28T20:51:09.201+0000] {spark_submit.py:485} INFO - 22/10/28 20:51:09 INFO BlockManagerMasterEndpoint: BlockManagerMasterEndpoint up
[2022-10-28T20:51:09.208+0000] {spark_submit.py:485} INFO - 22/10/28 20:51:09 INFO SparkEnv: Registering BlockManagerMasterHeartbeat
[2022-10-28T20:51:09.262+0000] {spark_submit.py:485} INFO - 22/10/28 20:51:09 INFO DiskBlockManager: Created local directory at /tmp/blockmgr-171ab288-c8ee-4b05-851f-8204f1dda805
[2022-10-28T20:51:09.332+0000] {spark_submit.py:485} INFO - 22/10/28 20:51:09 INFO MemoryStore: MemoryStore started with capacity 434.4 MiB
[2022-10-28T20:51:09.388+0000] {spark_submit.py:485} INFO - 22/10/28 20:51:09 INFO SparkEnv: Registering OutputCommitCoordinator
[2022-10-28T20:51:10.225+0000] {spark_submit.py:485} INFO - 22/10/28 20:51:10 INFO Utils: Successfully started service 'SparkUI' on port 4040.
[2022-10-28T20:51:10.565+0000] {spark_submit.py:485} INFO - 22/10/28 20:51:10 INFO StandaloneAppClient$ClientEndpoint: Connecting to master spark://py-spark:7077...
[2022-10-28T20:51:10.646+0000] {spark_submit.py:485} INFO - 22/10/28 20:51:10 INFO TransportClientFactory: Successfully created connection to py-spark/192.168.192.4:7077 after 37 ms (0 ms spent in bootstraps)
[2022-10-28T20:51:10.859+0000] {spark_submit.py:485} INFO - 22/10/28 20:51:10 INFO StandaloneSchedulerBackend: Connected to Spark cluster with app ID app-20221028205110-0010
[2022-10-28T20:51:10.887+0000] {spark_submit.py:485} INFO - 22/10/28 20:51:10 INFO Utils: Successfully started service 'org.apache.spark.network.netty.NettyBlockTransferService' on port 40417.
[2022-10-28T20:51:10.890+0000] {spark_submit.py:485} INFO - 22/10/28 20:51:10 INFO NettyBlockTransferService: Server created on 08236190b7e3:40417
[2022-10-28T20:51:10.893+0000] {spark_submit.py:485} INFO - 22/10/28 20:51:10 INFO BlockManager: Using org.apache.spark.storage.RandomBlockReplicationPolicy for block replication policy
[2022-10-28T20:51:10.913+0000] {spark_submit.py:485} INFO - 22/10/28 20:51:10 INFO BlockManagerMaster: Registering BlockManager BlockManagerId(driver, 08236190b7e3, 40417, None)
[2022-10-28T20:51:10.925+0000] {spark_submit.py:485} INFO - 22/10/28 20:51:10 INFO BlockManagerMasterEndpoint: Registering block manager 08236190b7e3:40417 with 434.4 MiB RAM, BlockManagerId(driver, 08236190b7e3, 40417, None)
[2022-10-28T20:51:10.935+0000] {spark_submit.py:485} INFO - 22/10/28 20:51:10 INFO BlockManagerMaster: Registered BlockManager BlockManagerId(driver, 08236190b7e3, 40417, None)
[2022-10-28T20:51:10.940+0000] {spark_submit.py:485} INFO - 22/10/28 20:51:10 INFO BlockManager: Initialized BlockManager: BlockManagerId(driver, 08236190b7e3, 40417, None)
[2022-10-28T20:51:11.387+0000] {spark_submit.py:485} INFO - 22/10/28 20:51:11 INFO StandaloneSchedulerBackend: SchedulerBackend is ready for scheduling beginning after reached minRegisteredResourcesRatio: 0.0
[2022-10-28T20:51:11.818+0000] {spark_submit.py:485} INFO - 22/10/28 20:51:11 INFO SharedState: Setting hive.metastore.warehouse.dir ('null') to the value of spark.sql.warehouse.dir.
[2022-10-28T20:51:11.849+0000] {spark_submit.py:485} INFO - 22/10/28 20:51:11 INFO SharedState: Warehouse path is 'file:/opt/***/spark-warehouse'.
[2022-10-28T20:51:13.701+0000] {spark_submit.py:485} INFO - Traceback (most recent call last):
[2022-10-28T20:51:13.730+0000] {spark_submit.py:485} INFO - File "/mnt/script-1.py", line 14, in <module>
[2022-10-28T20:51:13.731+0000] {spark_submit.py:485} INFO - .option("driver", "org.postgresql.Driver") \
[2022-10-28T20:51:13.733+0000] {spark_submit.py:485} INFO - File "/home/***/.local/lib/python3.7/site-packages/pyspark/python/lib/pyspark.zip/pyspark/sql/readwriter.py", line 184, in load
[2022-10-28T20:51:13.736+0000] {spark_submit.py:485} INFO - File "/home/***/.local/lib/python3.7/site-packages/pyspark/python/lib/py4j-0.10.9.5-src.zip/py4j/java_gateway.py", line 1322, in __call__
[2022-10-28T20:51:13.739+0000] {spark_submit.py:485} INFO - File "/home/***/.local/lib/python3.7/site-packages/pyspark/python/lib/pyspark.zip/pyspark/sql/utils.py", line 190, in deco
[2022-10-28T20:51:13.742+0000] {spark_submit.py:485} INFO - File "/home/***/.local/lib/python3.7/site-packages/pyspark/python/lib/py4j-0.10.9.5-src.zip/py4j/protocol.py", line 328, in get_return_value
[2022-10-28T20:51:13.745+0000] {spark_submit.py:485} INFO - py4j.protocol.Py4JJavaError: An error occurred while calling o29.load.
[2022-10-28T20:51:13.749+0000] {spark_submit.py:485} INFO - : java.lang.ClassNotFoundException: org.postgresql.Driver
[2022-10-28T20:51:13.757+0000] {spark_submit.py:485} INFO - at java.base/java.net.URLClassLoader.findClass(URLClassLoader.java:476)
[2022-10-28T20:51:13.760+0000] {spark_submit.py:485} INFO - at java.base/java.lang.ClassLoader.loadClass(ClassLoader.java:589)
[2022-10-28T20:51:13.765+0000] {spark_submit.py:485} INFO - at java.base/java.lang.ClassLoader.loadClass(ClassLoader.java:522)
[2022-10-28T20:51:13.777+0000] {spark_submit.py:485} INFO - at org.apache.spark.sql.execution.datasources.jdbc.DriverRegistry$.register(DriverRegistry.scala:46)
[2022-10-28T20:51:13.780+0000] {spark_submit.py:485} INFO - at org.apache.spark.sql.execution.datasources.jdbc.JDBCOptions.$anonfun$driverClass$1(JDBCOptions.scala:101)
[2022-10-28T20:51:13.783+0000] {spark_submit.py:485} INFO - at org.apache.spark.sql.execution.datasources.jdbc.JDBCOptions.$anonfun$driverClass$1$adapted(JDBCOptions.scala:101)
[2022-10-28T20:51:13.786+0000] {spark_submit.py:485} INFO - at scala.Option.foreach(Option.scala:407)
[2022-10-28T20:51:13.790+0000] {spark_submit.py:485} INFO - at org.apache.spark.sql.execution.datasources.jdbc.JDBCOptions.<init>(JDBCOptions.scala:101)
[2022-10-28T20:51:13.794+0000] {spark_submit.py:485} INFO - at org.apache.spark.sql.execution.datasources.jdbc.JDBCOptions.<init>(JDBCOptions.scala:39)
[2022-10-28T20:51:13.797+0000] {spark_submit.py:485} INFO - at org.apache.spark.sql.execution.datasources.jdbc.JdbcRelationProvider.createRelation(JdbcRelationProvider.scala:34)
[2022-10-28T20:51:13.801+0000] {spark_submit.py:485} INFO - at org.apache.spark.sql.execution.datasources.DataSource.resolveRelation(DataSource.scala:350)
[2022-10-28T20:51:13.806+0000] {spark_submit.py:485} INFO - at org.apache.spark.sql.DataFrameReader.loadV1Source(DataFrameReader.scala:228)
[2022-10-28T20:51:13.807+0000] {spark_submit.py:485} INFO - at org.apache.spark.sql.DataFrameReader.$anonfun$load$2(DataFrameReader.scala:210)
[2022-10-28T20:51:13.809+0000] {spark_submit.py:485} INFO - at scala.Option.getOrElse(Option.scala:189)
[2022-10-28T20:51:13.811+0000] {spark_submit.py:485} INFO - at org.apache.spark.sql.DataFrameReader.load(DataFrameReader.scala:210)
[2022-10-28T20:51:13.814+0000] {spark_submit.py:485} INFO - at org.apache.spark.sql.DataFrameReader.load(DataFrameReader.scala:171)
[2022-10-28T20:51:13.819+0000] {spark_submit.py:485} INFO - at java.base/jdk.internal.reflect.NativeMethodAccessorImpl.invoke0(Native Method)
[2022-10-28T20:51:13.824+0000] {spark_submit.py:485} INFO - at java.base/jdk.internal.reflect.NativeMethodAccessorImpl.invoke(NativeMethodAccessorImpl.java:62)
[2022-10-28T20:51:13.829+0000] {spark_submit.py:485} INFO - at java.base/jdk.internal.reflect.DelegatingMethodAccessorImpl.invoke(DelegatingMethodAccessorImpl.java:43)
[2022-10-28T20:51:13.831+0000] {spark_submit.py:485} INFO - at java.base/java.lang.reflect.Method.invoke(Method.java:566)
[2022-10-28T20:51:13.835+0000] {spark_submit.py:485} INFO - at py4j.reflection.MethodInvoker.invoke(MethodInvoker.java:244)
[2022-10-28T20:51:13.837+0000] {spark_submit.py:485} INFO - at py4j.reflection.ReflectionEngine.invoke(ReflectionEngine.java:357)
[2022-10-28T20:51:13.841+0000] {spark_submit.py:485} INFO - at py4j.Gateway.invoke(Gateway.java:282)
[2022-10-28T20:51:13.844+0000] {spark_submit.py:485} INFO - at py4j.commands.AbstractCommand.invokeMethod(AbstractCommand.java:132)
[2022-10-28T20:51:13.847+0000] {spark_submit.py:485} INFO - at py4j.commands.CallCommand.execute(CallCommand.java:79)
[2022-10-28T20:51:13.848+0000] {spark_submit.py:485} INFO - at py4j.ClientServerConnection.waitForCommands(ClientServerConnection.java:182)
[2022-10-28T20:51:13.851+0000] {spark_submit.py:485} INFO - at py4j.ClientServerConnection.run(ClientServerConnection.java:106)
[2022-10-28T20:51:13.853+0000] {spark_submit.py:485} INFO - at java.base/java.lang.Thread.run(Thread.java:829)
[2022-10-28T20:51:13.857+0000] {spark_submit.py:485} INFO - 
[2022-10-28T20:51:13.979+0000] {spark_submit.py:485} INFO - 22/10/28 20:51:13 INFO SparkContext: Invoking stop() from shutdown hook
[2022-10-28T20:51:14.037+0000] {spark_submit.py:485} INFO - 22/10/28 20:51:14 INFO SparkUI: Stopped Spark web UI at http://08236190b7e3:4040
[2022-10-28T20:51:14.053+0000] {spark_submit.py:485} INFO - 22/10/28 20:51:14 INFO StandaloneSchedulerBackend: Shutting down all executors
[2022-10-28T20:51:14.070+0000] {spark_submit.py:485} INFO - 22/10/28 20:51:14 INFO CoarseGrainedSchedulerBackend$DriverEndpoint: Asking each executor to shut down
[2022-10-28T20:51:14.218+0000] {spark_submit.py:485} INFO - 22/10/28 20:51:14 WARN Dispatcher: Message RequestMessage(py-spark:7077, NettyRpcEndpointRef(spark://AppClient@08236190b7e3:32885), ExecutorAdded(0,worker-20221028200959-192.168.192.4-43185,192.168.192.4:43185,7,1024)) dropped due to sparkEnv is stopped. Could not find AppClient.
[2022-10-28T20:51:14.245+0000] {spark_submit.py:485} INFO - 22/10/28 20:51:14 INFO MapOutputTrackerMasterEndpoint: MapOutputTrackerMasterEndpoint stopped!
[2022-10-28T20:51:14.347+0000] {spark_submit.py:485} INFO - 22/10/28 20:51:14 INFO MemoryStore: MemoryStore cleared
[2022-10-28T20:51:14.353+0000] {spark_submit.py:485} INFO - 22/10/28 20:51:14 INFO BlockManager: BlockManager stopped
[2022-10-28T20:51:14.368+0000] {spark_submit.py:485} INFO - 22/10/28 20:51:14 INFO BlockManagerMaster: BlockManagerMaster stopped
[2022-10-28T20:51:14.372+0000] {spark_submit.py:485} INFO - 22/10/28 20:51:14 INFO OutputCommitCoordinator$OutputCommitCoordinatorEndpoint: OutputCommitCoordinator stopped!
[2022-10-28T20:51:14.449+0000] {spark_submit.py:485} INFO - 22/10/28 20:51:14 INFO SparkContext: Successfully stopped SparkContext
[2022-10-28T20:51:14.454+0000] {spark_submit.py:485} INFO - 22/10/28 20:51:14 INFO ShutdownHookManager: Shutdown hook called
[2022-10-28T20:51:14.464+0000] {spark_submit.py:485} INFO - 22/10/28 20:51:14 INFO ShutdownHookManager: Deleting directory /tmp/spark-e7091841-d209-4189-8a07-2a9eb324913b
[2022-10-28T20:51:14.490+0000] {spark_submit.py:485} INFO - 22/10/28 20:51:14 INFO ShutdownHookManager: Deleting directory /tmp/spark-8772b0ad-70dc-4dde-84ad-3c0850fd33ac
[2022-10-28T20:51:14.514+0000] {spark_submit.py:485} INFO - 22/10/28 20:51:14 INFO ShutdownHookManager: Deleting directory /tmp/spark-e7091841-d209-4189-8a07-2a9eb324913b/pyspark-e5f43637-ecd6-4e3b-87be-90e96d39a84c
[2022-10-28T20:51:15.435+0000] {taskinstance.py:1851} ERROR - Task failed with exception
Traceback (most recent call last):
  File "/home/airflow/.local/lib/python3.7/site-packages/airflow/providers/apache/spark/operators/spark_submit.py", line 157, in execute
    self._hook.submit(self._application)
  File "/home/airflow/.local/lib/python3.7/site-packages/airflow/providers/apache/spark/hooks/spark_submit.py", line 417, in submit
    f"Cannot execute: {self._mask_cmd(spark_submit_cmd)}. Error code is: {returncode}."
airflow.exceptions.AirflowException: Cannot execute: spark-submit --master spark://py-spark:7077 --name arrow-spark --deploy-mode client /mnt/script-1.py. Error code is: 1.
[2022-10-28T20:51:15.458+0000] {taskinstance.py:1406} INFO - Marking task as FAILED. dag_id=j_spark_trigger, task_id=transform_data, execution_date=20221027T204526, start_date=20221028T205104, end_date=20221028T205115
[2022-10-28T20:51:15.507+0000] {standard_task_runner.py:107} ERROR - Failed to execute job 99 for task transform_data (Cannot execute: spark-submit --master spark://py-spark:7077 --name arrow-spark --deploy-mode client /mnt/script-1.py. Error code is: 1.; 3118)
[2022-10-28T20:51:15.570+0000] {local_task_job.py:164} INFO - Task exited with return code 1
[2022-10-28T20:51:15.604+0000] {local_task_job.py:273} INFO - 0 downstream tasks scheduled from follow-on schedule check
